#
# A fatal error has been detected by the Java Runtime Environment:
#
#  EXCEPTION_ACCESS_VIOLATION (0xc0000005) at pc=0x00007fffcc72e0a9, pid=16264, tid=12028
#
# JRE version: OpenJDK Runtime Environment Microsoft-8035246 (17.0.8+7) (build 17.0.8+7-LTS)
# Java VM: OpenJDK 64-Bit Server VM Microsoft-8035246 (17.0.8+7-LTS, mixed mode, sharing, tiered, compressed oops, compressed class ptrs, g1 gc, windows-amd64)
# Problematic frame:
# V  [jvm.dll+0x2be0a9]
#
# No core dump will be written. Minidumps are not enabled by default on client versions of Windows
#
# If you would like to submit a bug report, please visit:
#   https://github.com/microsoft/openjdk/issues
#

---------------  S U M M A R Y ------------

Command Line: -XX:MaxMetaspaceSize=512m --add-opens=java.base/java.util=ALL-UNNAMED --add-opens=java.base/java.lang=ALL-UNNAMED --add-opens=java.base/java.lang.invoke=ALL-UNNAMED --add-opens=java.prefs/java.util.prefs=ALL-UNNAMED --add-opens=java.base/java.nio.charset=ALL-UNNAMED --add-opens=java.base/java.net=ALL-UNNAMED --add-opens=java.base/java.util.concurrent.atomic=ALL-UNNAMED -Xmx2048m -Dfile.encoding=windows-1252 -Duser.country=PH -Duser.language=en -Duser.variant -javaagent:C:\Users\aladi\.gradle\wrapper\dists\gradle-8.3-all\6en3ugtfdg5xnpx44z4qbwgas\gradle-8.3\lib\agents\gradle-instrumentation-agent-8.3.jar org.gradle.launcher.daemon.bootstrap.GradleDaemon 8.3

Host: Intel(R) Core(TM) i3-8100 CPU @ 3.60GHz, 4 cores, 15G,  Windows 11 , 64 bit Build 22621 (10.0.22621.2506)
Time: Sun Dec 10 01:20:02 2023 Malay Peninsula Standard Time elapsed time: 43.070118 seconds (0d 0h 0m 43s)

---------------  T H R E A D  ---------------

Current thread (0x00000237284e49b0):  JavaThread "C2 CompilerThread1" daemon [_thread_in_native, id=12028, stack(0x000000681dd00000,0x000000681de00000)]


Current CompileTask:
C2:  43070 15836   !   4       org.gradle.cache.internal.DefaultMultiProcessSafeIndexedCache::getIfPresent (25 bytes)

Stack: [0x000000681dd00000,0x000000681de00000],  sp=0x000000681ddfb260,  free space=1004k
Native frames: (J=compiled Java code, j=interpreted, Vv=VM code, C=native code)
V  [jvm.dll+0x2be0a9]
V  [jvm.dll+0x21ba8b]
V  [jvm.dll+0x21944b]
V  [jvm.dll+0x1a56b6]
V  [jvm.dll+0x2291ea]
V  [jvm.dll+0x22724c]
V  [jvm.dll+0x7efd0c]
V  [jvm.dll+0x7ea13a]
V  [jvm.dll+0x67ad85]
C  [ucrtbase.dll+0x29363]
C  [KERNEL32.DLL+0x1257d]
C  [ntdll.dll+0x5aa58]


siginfo: EXCEPTION_ACCESS_VIOLATION (0xc0000005), reading address 0x0000000000000028


Register to memory mapping:

RIP=0x00007fffcc72e0a9 jvm.dll
RAX=0x0000023732b73050 points into unknown readable memory: 0x0000000000000000 | 00 00 00 00 00 00 00 00
RBX=0x000000000000179e is an unknown value
RCX=0x0 is NULL
RDX=0x0 is NULL
RSP=0x000000681ddfb260 is pointing into the stack for thread: 0x00000237284e49b0
RBP=0x000000681ddfb2d0 is pointing into the stack for thread: 0x00000237284e49b0
RSI=0x0 is NULL
RDI=0x0000000000000048 is an unknown value
R8 =0x000000000000ffe0 is an unknown value
R9 =0x0 is NULL
R10=0x00007ff83f260000 VCRUNTIME140.dll
R11=0x0000023732b73070 points into unknown readable memory: 0x0000000000000000 | 00 00 00 00 00 00 00 00
R12=0x0000000000000050 is an unknown value
R13=0x0 is NULL
R14=0x0 is NULL
R15=0x000000681ddfe480 is pointing into the stack for thread: 0x00000237284e49b0


Registers:
RAX=0x0000023732b73050, RBX=0x000000000000179e, RCX=0x0000000000000000, RDX=0x0000000000000000
RSP=0x000000681ddfb260, RBP=0x000000681ddfb2d0, RSI=0x0000000000000000, RDI=0x0000000000000048
R8 =0x000000000000ffe0, R9 =0x0000000000000000, R10=0x00007ff83f260000, R11=0x0000023732b73070
R12=0x0000000000000050, R13=0x0000000000000000, R14=0x0000000000000000, R15=0x000000681ddfe480
RIP=0x00007fffcc72e0a9, EFLAGS=0x0000000000010202

Top of Stack: (sp=0x000000681ddfb260)
0x000000681ddfb260:   000000000000179e 0000000000000000
0x000000681ddfb270:   000000681ddfe480 00007fffcc6938d1
0x000000681ddfb280:   000002372b120320 00007fff00002000
0x000000681ddfb290:   0000023732b73050 0000000000000000
0x000000681ddfb2a0:   0000000000000002 0000023729991a10
0x000000681ddfb2b0:   0000000000000002 000002372b120320
0x000000681ddfb2c0:   0000000000000000 0000000000000000
0x000000681ddfb2d0:   0000023726dcaa60 0000023769121df0
0x000000681ddfb2e0:   0000000000000048 00007fffccdb4c08
0x000000681ddfb2f0:   000000681ddfb400 00007fffcc68ba8b
0x000000681ddfb300:   000000681ddfe480 00007fffccdb4c08
0x000000681ddfb310:   000000681ddfe480 000000681ddfb400
0x000000681ddfb320:   0000023700000000 00007fffcca8b7fb
0x000000681ddfb330:   000000680000000f 000000681ddfe480
0x000000681ddfb340:   000000681ddfb4b0 0000000000000000
0x000000681ddfb350:   0000023700000100 00007fffccdb4c08 

Instructions: (pc=0x00007fffcc72e0a9)
0x00007fffcc72dfa9:   3b d0 75 0b ff c1 41 3b c9 7c dc 48 8b c2 c3 33
0x00007fffcc72dfb9:   c0 c3 cc cc cc cc cc 48 89 5c 24 18 55 56 57 41
0x00007fffcc72dfc9:   55 41 57 48 8b ec 48 83 ec 70 65 48 8b 04 25 58
0x00007fffcc72dfd9:   00 00 00 48 8b f2 44 8b 05 d2 8b 90 00 4c 8b f9
0x00007fffcc72dfe9:   4a 8b 1c c0 b8 50 00 00 00 80 3c 18 00 75 05 e8
0x00007fffcc72dff9:   8b 6f 5d 00 b8 20 00 00 00 48 8b 04 18 48 8b 98
0x00007fffcc72e009:   38 02 00 00 48 89 5d b0 c7 45 b8 04 00 00 00 48
0x00007fffcc72e019:   8b 43 18 48 83 f8 df 76 18 4c 8d 05 37 a9 65 00
0x00007fffcc72e029:   ba 20 00 00 00 48 8b cb e8 5a eb de ff 48 8b 43
0x00007fffcc72e039:   18 48 8d 48 20 48 3b 4b 20 76 11 45 33 c0 48 8b
0x00007fffcc72e049:   cb 41 8d 50 20 e8 fd e8 de ff eb 04 48 89 4b 18
0x00007fffcc72e059:   44 8b 45 b8 33 d2 49 c1 e0 03 48 8b c8 48 89 45
0x00007fffcc72e069:   c0 e8 e3 80 5d 00 45 33 ed 48 8d 4d d0 44 89 6d
0x00007fffcc72e079:   c8 e8 01 59 56 00 41 8b 9f 40 02 00 00 41 2b 9f
0x00007fffcc72e089:   68 02 00 00 44 89 6d f0 3b 5d b8 72 0b 8b d3 48
0x00007fffcc72e099:   8d 4d b0 e8 6f b3 39 00 48 8b 45 c0 4c 89 2c d8
0x00007fffcc72e0a9:   8b 7e 28 8b df c1 eb 05 3b 5d d0 72 0b 8b d3 48
0x00007fffcc72e0b9:   8d 4d d0 e8 1f 59 56 00 48 8b 45 d8 83 e7 1f 48
0x00007fffcc72e0c9:   8d 14 98 40 0f b6 cf 41 b8 01 00 00 00 41 d3 e0
0x00007fffcc72e0d9:   8b 0a 8b c1 41 0b c0 89 02 41 85 c8 75 21 8b 5d
0x00007fffcc72e0e9:   c8 8d 43 01 89 45 c8 3b 5d b8 72 0b 8b d3 48 8d
0x00007fffcc72e0f9:   4d b0 e8 10 b3 39 00 48 8b 45 c0 48 89 34 d8 44
0x00007fffcc72e109:   39 6d c8 0f 86 77 01 00 00 4c 89 a4 24 a0 00 00
0x00007fffcc72e119:   00 4c 89 b4 24 a8 00 00 00 48 8b 45 c0 41 8b cd
0x00007fffcc72e129:   48 8b 34 c8 8b 46 2c 25 ff 1f 00 00 3d 04 10 00
0x00007fffcc72e139:   00 0f 85 a7 00 00 00 bb 01 00 00 00 39 5e 18 76
0x00007fffcc72e149:   39 66 0f 1f 44 00 00 48 8b 46 08 8b cb 48 8b 14
0x00007fffcc72e159:   c8 48 85 d2 74 1d 48 83 7a 10 00 74 16 80 7a 2c
0x00007fffcc72e169:   84 74 10 e8 7f 7e ee ff 48 8b d0 49 8b cf e8 a4
0x00007fffcc72e179:   61 f6 ff ff c3 3b 5e 18 72 cd 48 8b 5e 10 8b 46
0x00007fffcc72e189:   20 4c 8d 34 c3 49 3b de 73 54 48 8b 3b 8b 47 2c
0x00007fffcc72e199:   83 e0 03 3c 03 75 2e 48 8b 07 48 8b cf ff 90 88 


Stack slot to memory mapping:
stack at sp + 0 slots: 0x000000000000179e is an unknown value
stack at sp + 1 slots: 0x0 is NULL
stack at sp + 2 slots: 0x000000681ddfe480 is pointing into the stack for thread: 0x00000237284e49b0
stack at sp + 3 slots: 0x00007fffcc6938d1 jvm.dll
stack at sp + 4 slots: 0x000002372b120320 points into unknown readable memory: 0x0000000000000006 | 06 00 00 00 00 00 00 00
stack at sp + 5 slots: 0x00007fff00002000 is an unknown value
stack at sp + 6 slots: 0x0000023732b73050 points into unknown readable memory: 0x0000000000000000 | 00 00 00 00 00 00 00 00
stack at sp + 7 slots: 0x0 is NULL


---------------  P R O C E S S  ---------------

Threads class SMR info:
_java_thread_list=0x000002372ac7eea0, length=95, elements={
0x0000023769109d30, 0x0000023706d00180, 0x0000023706d01000, 0x0000023706d136f0,
0x0000023706d141d0, 0x0000023706d14d90, 0x0000023706d17760, 0x0000023706d1a510,
0x0000023706d2dc50, 0x00000237260220a0, 0x0000023726118fa0, 0x00000237261bd7a0,
0x0000023727d50e10, 0x0000023727085f80, 0x0000023726b8ca00, 0x0000023727992950,
0x0000023727461bc0, 0x000002372786e340, 0x000002372786c9f0, 0x000002372786cf00,
0x000002372786b5b0, 0x000002372786e850, 0x000002372786bfd0, 0x000002372786ed60,
0x000002372786d920, 0x000002372786de30, 0x000002372786c4e0, 0x000002372786d410,
0x000002372801d570, 0x0000023728022160, 0x000002372801e4a0, 0x0000023728023090,
0x000002372801f3d0, 0x00000237280244d0, 0x000002372801eec0, 0x0000023728021740,
0x000002372801e9b0, 0x0000023728023fc0, 0x0000023728021c50, 0x000002372801d060,
0x000002372801da80, 0x00000237280249e0, 0x000002372801f8e0, 0x000002372801fdf0,
0x0000023728020300, 0x0000023728020810, 0x0000023728021230, 0x0000023728022b80,
0x0000023727b49d70, 0x0000023727b4da30, 0x0000023727b4df40, 0x0000023727b4f890,
0x0000023727b4a280, 0x0000023727b4c0e0, 0x0000023727b4a790, 0x0000023727b4bbd0,
0x0000023727b4e450, 0x0000023727b4c5f0, 0x0000023727b48e40, 0x0000023727b4b6c0,
0x0000023727b4ee70, 0x0000023727b4e960, 0x0000023727b4d010, 0x0000023727b49860,
0x0000023727b4f380, 0x0000023727b4d520, 0x00000237284e49b0, 0x00000237284049f0,
0x00000237284035b0, 0x0000023728409af0, 0x0000023728407c90, 0x0000023728403ac0,
0x0000023728406340, 0x0000023728403fd0, 0x0000023728405410, 0x0000023728407270,
0x0000023728405920, 0x0000023728405e30, 0x0000023728402680, 0x000002372b617490,
0x000002372b616560, 0x000002372b614700, 0x000002372b614c10, 0x000002372b615b40,
0x000002372b615630, 0x000002372b616050, 0x000002372b6179a0, 0x000002372b616f80,
0x000002372b615120, 0x0000023732f93710, 0x0000023732f8ff60, 0x0000023732f927e0,
0x0000023732f93c20, 0x0000023732f8f030, 0x0000023732f913a0
}

Java Threads: ( => current thread )
  0x0000023769109d30 JavaThread "main" [_thread_blocked, id=3008, stack(0x0000006819700000,0x0000006819800000)]
  0x0000023706d00180 JavaThread "Reference Handler" daemon [_thread_blocked, id=16928, stack(0x0000006819e00000,0x0000006819f00000)]
  0x0000023706d01000 JavaThread "Finalizer" daemon [_thread_blocked, id=11416, stack(0x0000006819f00000,0x000000681a000000)]
  0x0000023706d136f0 JavaThread "Signal Dispatcher" daemon [_thread_blocked, id=6112, stack(0x000000681a000000,0x000000681a100000)]
  0x0000023706d141d0 JavaThread "Attach Listener" daemon [_thread_blocked, id=20176, stack(0x000000681a100000,0x000000681a200000)]
  0x0000023706d14d90 JavaThread "Service Thread" daemon [_thread_blocked, id=2628, stack(0x000000681a200000,0x000000681a300000)]
  0x0000023706d17760 JavaThread "Monitor Deflation Thread" daemon [_thread_blocked, id=13576, stack(0x000000681a300000,0x000000681a400000)]
  0x0000023706d1a510 JavaThread "C2 CompilerThread0" daemon [_thread_in_native, id=18564, stack(0x000000681a400000,0x000000681a500000)]
  0x0000023706d2dc50 JavaThread "C1 CompilerThread0" daemon [_thread_blocked, id=7388, stack(0x000000681a500000,0x000000681a600000)]
  0x00000237260220a0 JavaThread "Sweeper thread" daemon [_thread_blocked, id=19880, stack(0x000000681a600000,0x000000681a700000)]
  0x0000023726118fa0 JavaThread "Common-Cleaner" daemon [_thread_blocked, id=8364, stack(0x000000681a700000,0x000000681a800000)]
  0x00000237261bd7a0 JavaThread "Notification Thread" daemon [_thread_blocked, id=13380, stack(0x000000681a800000,0x000000681a900000)]
  0x0000023727d50e10 JavaThread "Daemon health stats" [_thread_blocked, id=10500, stack(0x000000681ae00000,0x000000681af00000)]
  0x0000023727085f80 JavaThread "Incoming local TCP Connector on port 49608" [_thread_in_native, id=12432, stack(0x000000681af00000,0x000000681b000000)]
  0x0000023726b8ca00 JavaThread "Daemon periodic checks" [_thread_blocked, id=15432, stack(0x000000681b000000,0x000000681b100000)]
  0x0000023727992950 JavaThread "Daemon" [_thread_blocked, id=14832, stack(0x000000681b100000,0x000000681b200000)]
  0x0000023727461bc0 JavaThread "Handler for socket connection from /127.0.0.1:49608 to /127.0.0.1:49609" [_thread_in_native, id=15384, stack(0x000000681b200000,0x000000681b300000)]
  0x000002372786e340 JavaThread "Cancel handler" [_thread_blocked, id=12564, stack(0x000000681b300000,0x000000681b400000)]
  0x000002372786c9f0 JavaThread "Daemon worker" [_thread_blocked, id=18980, stack(0x000000681b400000,0x000000681b500000)]
  0x000002372786cf00 JavaThread "Asynchronous log dispatcher for DefaultDaemonConnection: socket connection from /127.0.0.1:49608 to /127.0.0.1:49609" [_thread_blocked, id=12008, stack(0x000000681b500000,0x000000681b600000)]
  0x000002372786b5b0 JavaThread "Stdin handler" [_thread_blocked, id=15284, stack(0x000000681b600000,0x000000681b700000)]
  0x000002372786e850 JavaThread "Daemon client event forwarder" [_thread_blocked, id=14300, stack(0x000000681b700000,0x000000681b800000)]
  0x000002372786bfd0 JavaThread "Cache worker for journal cache (C:\Users\aladi\.gradle\caches\journal-1)" [_thread_blocked, id=7084, stack(0x000000681b800000,0x000000681b900000)]
  0x000002372786ed60 JavaThread "File lock request listener" [_thread_in_native, id=19744, stack(0x000000681b900000,0x000000681ba00000)]
  0x000002372786d920 JavaThread "Cache worker for file hash cache (C:\Users\aladi\.gradle\caches\8.3\fileHashes)" [_thread_blocked, id=11720, stack(0x000000681ba00000,0x000000681bb00000)]
  0x000002372786de30 JavaThread "File watcher server" daemon [_thread_in_native, id=10280, stack(0x000000681bb00000,0x000000681bc00000)]
  0x000002372786c4e0 JavaThread "File watcher consumer" daemon [_thread_blocked, id=9308, stack(0x000000681bc00000,0x000000681bd00000)]
  0x000002372786d410 JavaThread "Cache worker for checksums cache (F:\Projects\Practice Projects\LitterRV\android\.gradle\8.3\checksums)" [_thread_blocked, id=14988, stack(0x000000681bd00000,0x000000681be00000)]
  0x000002372801d570 JavaThread "Cache worker for file hash cache (F:\Projects\Practice Projects\LitterRV\android\.gradle\8.3\fileHashes)" [_thread_blocked, id=19008, stack(0x000000681be00000,0x000000681bf00000)]
  0x0000023728022160 JavaThread "Cache worker for cache directory md-supplier (C:\Users\aladi\.gradle\caches\8.3\md-supplier)" [_thread_blocked, id=18144, stack(0x000000681bf00000,0x000000681c000000)]
  0x000002372801e4a0 JavaThread "Cache worker for file content cache (C:\Users\aladi\.gradle\caches\8.3\fileContent)" [_thread_blocked, id=6024, stack(0x000000681c000000,0x000000681c100000)]
  0x0000023728023090 JavaThread "Cache worker for cache directory md-rule (C:\Users\aladi\.gradle\caches\8.3\md-rule)" [_thread_blocked, id=18732, stack(0x000000681c100000,0x000000681c200000)]
  0x000002372801f3d0 JavaThread "Cache worker for execution history cache (C:\Users\aladi\.gradle\caches\8.3\executionHistory)" [_thread_blocked, id=11404, stack(0x000000681c200000,0x000000681c300000)]
  0x00000237280244d0 JavaThread "jar transforms" [_thread_blocked, id=4632, stack(0x000000681c400000,0x000000681c500000)]
  0x000002372801eec0 JavaThread "jar transforms Thread 2" [_thread_blocked, id=13272, stack(0x000000681c500000,0x000000681c600000)]
  0x0000023728021740 JavaThread "jar transforms Thread 3" [_thread_blocked, id=12680, stack(0x000000681c600000,0x000000681c700000)]
  0x000002372801e9b0 JavaThread "jar transforms Thread 4" [_thread_blocked, id=3676, stack(0x000000681c700000,0x000000681c800000)]
  0x0000023728023fc0 JavaThread "Cache worker for kotlin-dsl (C:\Users\aladi\.gradle\caches\8.3\kotlin-dsl)" [_thread_blocked, id=20096, stack(0x000000681c800000,0x000000681c900000)]
  0x0000023728021c50 JavaThread "Unconstrained build operations" [_thread_blocked, id=17556, stack(0x000000681c900000,0x000000681ca00000)]
  0x000002372801d060 JavaThread "Unconstrained build operations Thread 2" [_thread_blocked, id=9736, stack(0x000000681ca00000,0x000000681cb00000)]
  0x000002372801da80 JavaThread "Cache worker for dependencies-accessors (F:\Projects\Practice Projects\LitterRV\android\.gradle\8.3\dependencies-accessors)" [_thread_blocked, id=10796, stack(0x000000681cb00000,0x000000681cc00000)]
  0x00000237280249e0 JavaThread "Cache worker for Build Output Cleanup Cache (F:\Projects\Practice Projects\LitterRV\node_modules\@react-native\gradle-plugin\.gradle\buildOutputCleanup)" [_thread_blocked, id=15816, stack(0x000000681cd00000,0x000000681ce00000)]
  0x000002372801f8e0 JavaThread "Unconstrained build operations Thread 3" [_thread_blocked, id=9120, stack(0x000000681ce00000,0x000000681cf00000)]
  0x000002372801fdf0 JavaThread "Unconstrained build operations Thread 4" [_thread_blocked, id=8096, stack(0x000000681cf00000,0x000000681d000000)]
  0x0000023728020300 JavaThread "Unconstrained build operations Thread 5" [_thread_blocked, id=18752, stack(0x000000681d000000,0x000000681d100000)]
  0x0000023728020810 JavaThread "Memory manager" [_thread_blocked, id=19876, stack(0x000000681d100000,0x000000681d200000)]
  0x0000023728021230 JavaThread "Cache worker for Build Output Cleanup Cache (F:\Projects\Practice Projects\LitterRV\android\.gradle\buildOutputCleanup)" [_thread_blocked, id=9188, stack(0x000000681d200000,0x000000681d300000)]
  0x0000023728022b80 JavaThread "ForkJoinPool.commonPool-worker-1" daemon [_thread_blocked, id=19692, stack(0x000000681d300000,0x000000681d400000)]
  0x0000023727b49d70 JavaThread "ForkJoinPool.commonPool-worker-2" daemon [_thread_blocked, id=19600, stack(0x000000681d400000,0x000000681d500000)]
  0x0000023727b4da30 JavaThread "ForkJoinPool.commonPool-worker-3" daemon [_thread_blocked, id=8476, stack(0x000000681d500000,0x000000681d600000)]
  0x0000023727b4df40 JavaThread "Exec process" [_thread_blocked, id=10736, stack(0x000000681d600000,0x000000681d700000)]
  0x0000023727b4f890 JavaThread "Exec process Thread 2" [_thread_blocked, id=12192, stack(0x000000681d700000,0x000000681d800000)]
  0x0000023727b4a280 JavaThread "Exec process Thread 3" [_thread_blocked, id=18728, stack(0x000000681d800000,0x000000681d900000)]
  0x0000023727b4c0e0 JavaThread "included builds" [_thread_blocked, id=4676, stack(0x000000681cc00000,0x000000681cd00000)]
  0x0000023727b4a790 JavaThread "Execution worker" [_thread_blocked, id=1396, stack(0x000000681d900000,0x000000681da00000)]
  0x0000023727b4bbd0 JavaThread "Execution worker Thread 2" [_thread_blocked, id=2448, stack(0x000000681da00000,0x000000681db00000)]
  0x0000023727b4e450 JavaThread "Execution worker Thread 3" [_thread_blocked, id=9960, stack(0x000000681db00000,0x000000681dc00000)]
  0x0000023727b4c5f0 JavaThread "Cache worker for execution history cache (F:\Projects\Practice Projects\LitterRV\node_modules\@react-native\gradle-plugin\.gradle\8.3\executionHistory)" [_thread_blocked, id=8268, stack(0x000000681dc00000,0x000000681dd00000)]
  0x0000023727b48e40 JavaThread "Unconstrained build operations Thread 6" [_thread_blocked, id=18884, stack(0x000000681de00000,0x000000681df00000)]
  0x0000023727b4b6c0 JavaThread "Unconstrained build operations Thread 7" [_thread_in_native, id=19468, stack(0x000000681df00000,0x000000681e000000)]
  0x0000023727b4ee70 JavaThread "Unconstrained build operations Thread 8" [_thread_blocked, id=20040, stack(0x000000681e000000,0x000000681e100000)]
  0x0000023727b4e960 JavaThread "Unconstrained build operations Thread 9" [_thread_blocked, id=4248, stack(0x000000681e100000,0x000000681e200000)]
  0x0000023727b4d010 JavaThread "Unconstrained build operations Thread 10" [_thread_blocked, id=12700, stack(0x000000681e200000,0x000000681e300000)]
  0x0000023727b49860 JavaThread "Unconstrained build operations Thread 11" [_thread_blocked, id=8844, stack(0x000000681e300000,0x000000681e400000)]
  0x0000023727b4f380 JavaThread "Unconstrained build operations Thread 12" [_thread_blocked, id=6672, stack(0x000000681e400000,0x000000681e500000)]
  0x0000023727b4d520 JavaThread "Unconstrained build operations Thread 13" [_thread_blocked, id=19372, stack(0x000000681e500000,0x000000681e600000)]
=>0x00000237284e49b0 JavaThread "C2 CompilerThread1" daemon [_thread_in_native, id=12028, stack(0x000000681dd00000,0x000000681de00000)]
  0x00000237284049f0 JavaThread "Unconstrained build operations Thread 14" [_thread_blocked, id=2092, stack(0x000000681e800000,0x000000681e900000)]
  0x00000237284035b0 JavaThread "Unconstrained build operations Thread 15" [_thread_blocked, id=8852, stack(0x000000681e900000,0x000000681ea00000)]
  0x0000023728409af0 JavaThread "Unconstrained build operations Thread 16" [_thread_blocked, id=5136, stack(0x000000681ea00000,0x000000681eb00000)]
  0x0000023728407c90 JavaThread "Unconstrained build operations Thread 17" [_thread_blocked, id=14288, stack(0x000000681eb00000,0x000000681ec00000)]
  0x0000023728403ac0 JavaThread "Unconstrained build operations Thread 18" [_thread_blocked, id=19936, stack(0x000000681ec00000,0x000000681ed00000)]
  0x0000023728406340 JavaThread "Unconstrained build operations Thread 19" [_thread_blocked, id=12988, stack(0x000000681ed00000,0x000000681ee00000)]
  0x0000023728403fd0 JavaThread "Unconstrained build operations Thread 20" [_thread_blocked, id=8088, stack(0x000000681ee00000,0x000000681ef00000)]
  0x0000023728405410 JavaThread "Unconstrained build operations Thread 21" [_thread_blocked, id=8460, stack(0x000000681ef00000,0x000000681f000000)]
  0x0000023728407270 JavaThread "Unconstrained build operations Thread 22" [_thread_blocked, id=18392, stack(0x000000681f000000,0x000000681f100000)]
  0x0000023728405920 JavaThread "Unconstrained build operations Thread 23" [_thread_blocked, id=10440, stack(0x000000681f100000,0x000000681f200000)]
  0x0000023728405e30 JavaThread "Unconstrained build operations Thread 24" [_thread_blocked, id=17432, stack(0x000000681f200000,0x000000681f300000)]
  0x0000023728402680 JavaThread "Unconstrained build operations Thread 25" [_thread_blocked, id=15844, stack(0x000000681f300000,0x000000681f400000)]
  0x000002372b617490 JavaThread "Unconstrained build operations Thread 26" [_thread_blocked, id=16624, stack(0x000000681f400000,0x000000681f500000)]
  0x000002372b616560 JavaThread "Unconstrained build operations Thread 27" [_thread_blocked, id=13600, stack(0x000000681f500000,0x000000681f600000)]
  0x000002372b614700 JavaThread "Unconstrained build operations Thread 28" [_thread_blocked, id=17296, stack(0x000000681f600000,0x000000681f700000)]
  0x000002372b614c10 JavaThread "Unconstrained build operations Thread 29" [_thread_blocked, id=7448, stack(0x000000681f700000,0x000000681f800000)]
  0x000002372b615b40 JavaThread "Unconstrained build operations Thread 30" [_thread_blocked, id=6636, stack(0x000000681f800000,0x000000681f900000)]
  0x000002372b615630 JavaThread "Unconstrained build operations Thread 31" [_thread_blocked, id=17192, stack(0x000000681f900000,0x000000681fa00000)]
  0x000002372b616050 JavaThread "Unconstrained build operations Thread 32" [_thread_blocked, id=13192, stack(0x000000681fa00000,0x000000681fb00000)]
  0x000002372b6179a0 JavaThread "Unconstrained build operations Thread 33" [_thread_blocked, id=2716, stack(0x000000681fb00000,0x000000681fc00000)]
  0x000002372b616f80 JavaThread "Unconstrained build operations Thread 34" [_thread_blocked, id=18788, stack(0x000000681fc00000,0x000000681fd00000)]
  0x000002372b615120 JavaThread "Unconstrained build operations Thread 35" [_thread_blocked, id=2380, stack(0x000000681fd00000,0x000000681fe00000)]
  0x0000023732f93710 JavaThread "Unconstrained build operations Thread 36" [_thread_blocked, id=4352, stack(0x000000681fe00000,0x000000681ff00000)]
  0x0000023732f8ff60 JavaThread "Unconstrained build operations Thread 37" [_thread_blocked, id=9344, stack(0x000000681ff00000,0x0000006820000000)]
  0x0000023732f927e0 JavaThread "Unconstrained build operations Thread 38" [_thread_blocked, id=6680, stack(0x0000006820000000,0x0000006820100000)]
  0x0000023732f93c20 JavaThread "Unconstrained build operations Thread 39" [_thread_blocked, id=17176, stack(0x0000006820100000,0x0000006820200000)]
  0x0000023732f8f030 JavaThread "Unconstrained build operations Thread 40" [_thread_blocked, id=18984, stack(0x0000006820200000,0x0000006820300000)]
  0x0000023732f913a0 JavaThread "Cache worker for execution history cache (F:\Projects\Practice Projects\LitterRV\android\.gradle\8.3\executionHistory)" [_thread_blocked, id=16484, stack(0x0000006820300000,0x0000006820400000)]

Other Threads:
  0x0000023706cfa9b0 VMThread "VM Thread" [stack: 0x0000006819d00000,0x0000006819e00000] [id=15100]
  0x000002372620b450 WatcherThread [stack: 0x000000681a900000,0x000000681aa00000] [id=9620]
  0x00000237691641c0 GCTaskThread "GC Thread#0" [stack: 0x0000006819800000,0x0000006819900000] [id=7324]
  0x00000237266631d0 GCTaskThread "GC Thread#1" [stack: 0x000000681ab00000,0x000000681ac00000] [id=3300]
  0x000002372634f870 GCTaskThread "GC Thread#2" [stack: 0x000000681ac00000,0x000000681ad00000] [id=14660]
  0x000002372670f940 GCTaskThread "GC Thread#3" [stack: 0x000000681ad00000,0x000000681ae00000] [id=20116]
  0x0000023769175110 ConcurrentGCThread "G1 Main Marker" [stack: 0x0000006819900000,0x0000006819a00000] [id=11384]
  0x00000237691762c0 ConcurrentGCThread "G1 Conc#0" [stack: 0x0000006819a00000,0x0000006819b00000] [id=4040]
  0x00000237691bd740 ConcurrentGCThread "G1 Refine#0" [stack: 0x0000006819b00000,0x0000006819c00000] [id=15324]
  0x00000237282ef840 ConcurrentGCThread "G1 Refine#1" [stack: 0x000000681c300000,0x000000681c400000] [id=19836]
  0x00000237691be170 ConcurrentGCThread "G1 Service" [stack: 0x0000006819c00000,0x0000006819d00000] [id=10996]

Threads with active compile tasks:
C2 CompilerThread0    43161 15837       4       org.gradle.cache.internal.DefaultCacheCoordinator$UnitOfWorkFileAccess::readFile (14 bytes)
C2 CompilerThread1    43161 15836   !   4       org.gradle.cache.internal.DefaultMultiProcessSafeIndexedCache::getIfPresent (25 bytes)

VM state: not at safepoint (normal execution)

VM Mutex/Monitor currently owned by a thread: None

Heap address: 0x0000000080000000, size: 2048 MB, Compressed Oops mode: 32-bit

CDS archive(s) mapped at: [0x0000023707000000-0x0000023707bd0000-0x0000023707bd0000), size 12386304, SharedBaseAddress: 0x0000023707000000, ArchiveRelocationMode: 1.
Compressed class space mapped at: 0x0000023708000000-0x0000023722000000, reserved size: 436207616
Narrow klass base: 0x0000023707000000, Narrow klass shift: 0, Narrow klass range: 0x100000000

GC Precious Log:
 CPUs: 4 total, 4 available
 Memory: 16252M
 Large Page Support: Disabled
 NUMA Support: Disabled
 Compressed Oops: Enabled (32-bit)
 Heap Region Size: 1M
 Heap Min Capacity: 8M
 Heap Initial Capacity: 254M
 Heap Max Capacity: 2G
 Pre-touch: Disabled
 Parallel Workers: 4
 Concurrent Workers: 1
 Concurrent Refinement Workers: 4
 Periodic GC: Disabled

Heap:
 garbage-first heap   total 267264K, used 195815K [0x0000000080000000, 0x0000000100000000)
  region size 1024K, 4 young (4096K), 2 survivors (2048K)
 Metaspace       used 108086K, committed 109184K, reserved 557056K
  class space    used 15029K, committed 15552K, reserved 425984K

Heap Regions: E=young(eden), S=young(survivor), O=old, HS=humongous(starts), HC=humongous(continues), CS=collection set, F=free, OA=open archive, CA=closed archive, TAMS=top-at-mark-start (previous, next)
|   0|0x0000000080000000, 0x0000000080100000, 0x0000000080100000|100%| O|  |TAMS 0x0000000080100000, 0x0000000080000000| Untracked 
|   1|0x0000000080100000, 0x0000000080200000, 0x0000000080200000|100%| O|  |TAMS 0x0000000080200000, 0x0000000080100000| Untracked 
|   2|0x0000000080200000, 0x0000000080300000, 0x0000000080300000|100%|HS|  |TAMS 0x0000000080300000, 0x0000000080200000| Complete 
|   3|0x0000000080300000, 0x0000000080400000, 0x0000000080400000|100%|HC|  |TAMS 0x0000000080400000, 0x0000000080300000| Complete 
|   4|0x0000000080400000, 0x0000000080500000, 0x0000000080500000|100%|HC|  |TAMS 0x0000000080500000, 0x0000000080400000| Complete 
|   5|0x0000000080500000, 0x0000000080600000, 0x0000000080600000|100%|HC|  |TAMS 0x0000000080600000, 0x0000000080500000| Complete 
|   6|0x0000000080600000, 0x0000000080700000, 0x0000000080700000|100%| O|  |TAMS 0x0000000080700000, 0x0000000080600000| Untracked 
|   7|0x0000000080700000, 0x0000000080800000, 0x0000000080800000|100%| O|  |TAMS 0x0000000080800000, 0x0000000080700000| Untracked 
|   8|0x0000000080800000, 0x0000000080900000, 0x0000000080900000|100%| O|  |TAMS 0x0000000080900000, 0x0000000080800000| Untracked 
|   9|0x0000000080900000, 0x0000000080a00000, 0x0000000080a00000|100%| O|  |TAMS 0x0000000080a00000, 0x0000000080900000| Untracked 
|  10|0x0000000080a00000, 0x0000000080b00000, 0x0000000080b00000|100%| O|  |TAMS 0x0000000080b00000, 0x0000000080a00000| Untracked 
|  11|0x0000000080b00000, 0x0000000080c00000, 0x0000000080c00000|100%| O|  |TAMS 0x0000000080c00000, 0x0000000080b00000| Untracked 
|  12|0x0000000080c00000, 0x0000000080d00000, 0x0000000080d00000|100%| O|  |TAMS 0x0000000080d00000, 0x0000000080c00000| Untracked 
|  13|0x0000000080d00000, 0x0000000080e00000, 0x0000000080e00000|100%| O|  |TAMS 0x0000000080e00000, 0x0000000080d00000| Untracked 
|  14|0x0000000080e00000, 0x0000000080f00000, 0x0000000080f00000|100%| O|  |TAMS 0x0000000080f00000, 0x0000000080e00000| Untracked 
|  15|0x0000000080f00000, 0x0000000081000000, 0x0000000081000000|100%| O|  |TAMS 0x0000000081000000, 0x0000000080f00000| Untracked 
|  16|0x0000000081000000, 0x0000000081100000, 0x0000000081100000|100%| O|  |TAMS 0x0000000081100000, 0x0000000081000000| Untracked 
|  17|0x0000000081100000, 0x0000000081200000, 0x0000000081200000|100%| O|  |TAMS 0x0000000081200000, 0x0000000081100000| Untracked 
|  18|0x0000000081200000, 0x0000000081300000, 0x0000000081300000|100%| O|  |TAMS 0x0000000081300000, 0x0000000081200000| Untracked 
|  19|0x0000000081300000, 0x0000000081400000, 0x0000000081400000|100%| O|  |TAMS 0x0000000081400000, 0x0000000081300000| Untracked 
|  20|0x0000000081400000, 0x0000000081500000, 0x0000000081500000|100%| O|  |TAMS 0x0000000081500000, 0x0000000081400000| Untracked 
|  21|0x0000000081500000, 0x0000000081600000, 0x0000000081600000|100%| O|  |TAMS 0x0000000081600000, 0x0000000081500000| Untracked 
|  22|0x0000000081600000, 0x0000000081700000, 0x0000000081700000|100%| O|  |TAMS 0x0000000081700000, 0x0000000081600000| Untracked 
|  23|0x0000000081700000, 0x0000000081800000, 0x0000000081800000|100%| O|  |TAMS 0x0000000081800000, 0x0000000081700000| Untracked 
|  24|0x0000000081800000, 0x0000000081900000, 0x0000000081900000|100%| O|  |TAMS 0x0000000081900000, 0x0000000081800000| Untracked 
|  25|0x0000000081900000, 0x0000000081a00000, 0x0000000081a00000|100%| O|  |TAMS 0x0000000081a00000, 0x0000000081900000| Untracked 
|  26|0x0000000081a00000, 0x0000000081b00000, 0x0000000081b00000|100%| O|  |TAMS 0x0000000081b00000, 0x0000000081a00000| Untracked 
|  27|0x0000000081b00000, 0x0000000081c00000, 0x0000000081c00000|100%| O|  |TAMS 0x0000000081c00000, 0x0000000081b00000| Untracked 
|  28|0x0000000081c00000, 0x0000000081d00000, 0x0000000081d00000|100%| O|  |TAMS 0x0000000081d00000, 0x0000000081c00000| Untracked 
|  29|0x0000000081d00000, 0x0000000081e00000, 0x0000000081e00000|100%| O|  |TAMS 0x0000000081e00000, 0x0000000081d00000| Untracked 
|  30|0x0000000081e00000, 0x0000000081f00000, 0x0000000081f00000|100%| O|  |TAMS 0x0000000081f00000, 0x0000000081e00000| Untracked 
|  31|0x0000000081f00000, 0x0000000082000000, 0x0000000082000000|100%| O|  |TAMS 0x0000000082000000, 0x0000000081f00000| Untracked 
|  32|0x0000000082000000, 0x0000000082100000, 0x0000000082100000|100%| O|  |TAMS 0x0000000082100000, 0x0000000082000000| Untracked 
|  33|0x0000000082100000, 0x0000000082200000, 0x0000000082200000|100%| O|  |TAMS 0x0000000082200000, 0x0000000082100000| Untracked 
|  34|0x0000000082200000, 0x0000000082300000, 0x0000000082300000|100%| O|  |TAMS 0x0000000082300000, 0x0000000082200000| Untracked 
|  35|0x0000000082300000, 0x0000000082400000, 0x0000000082400000|100%| O|  |TAMS 0x0000000082400000, 0x0000000082300000| Untracked 
|  36|0x0000000082400000, 0x0000000082500000, 0x0000000082500000|100%|HS|  |TAMS 0x0000000082500000, 0x0000000082400000| Complete 
|  37|0x0000000082500000, 0x0000000082600000, 0x0000000082600000|100%|HC|  |TAMS 0x0000000082600000, 0x0000000082500000| Complete 
|  38|0x0000000082600000, 0x0000000082700000, 0x0000000082700000|100%| O|  |TAMS 0x0000000082700000, 0x0000000082600000| Untracked 
|  39|0x0000000082700000, 0x0000000082800000, 0x0000000082800000|100%| O|  |TAMS 0x0000000082800000, 0x0000000082700000| Untracked 
|  40|0x0000000082800000, 0x0000000082900000, 0x0000000082900000|100%| O|  |TAMS 0x0000000082900000, 0x0000000082800000| Untracked 
|  41|0x0000000082900000, 0x0000000082a00000, 0x0000000082a00000|100%| O|  |TAMS 0x0000000082a00000, 0x0000000082900000| Untracked 
|  42|0x0000000082a00000, 0x0000000082b00000, 0x0000000082b00000|100%|HS|  |TAMS 0x0000000082b00000, 0x0000000082a00000| Complete 
|  43|0x0000000082b00000, 0x0000000082c00000, 0x0000000082c00000|100%|HC|  |TAMS 0x0000000082c00000, 0x0000000082b00000| Complete 
|  44|0x0000000082c00000, 0x0000000082d00000, 0x0000000082d00000|100%|HS|  |TAMS 0x0000000082d00000, 0x0000000082c00000| Complete 
|  45|0x0000000082d00000, 0x0000000082e00000, 0x0000000082e00000|100%|HC|  |TAMS 0x0000000082e00000, 0x0000000082d00000| Complete 
|  46|0x0000000082e00000, 0x0000000082f00000, 0x0000000082f00000|100%|HC|  |TAMS 0x0000000082f00000, 0x0000000082e00000| Complete 
|  47|0x0000000082f00000, 0x0000000083000000, 0x0000000083000000|100%|HC|  |TAMS 0x0000000083000000, 0x0000000082f00000| Complete 
|  48|0x0000000083000000, 0x0000000083100000, 0x0000000083100000|100%| O|  |TAMS 0x0000000083100000, 0x0000000083000000| Untracked 
|  49|0x0000000083100000, 0x0000000083200000, 0x0000000083200000|100%| O|  |TAMS 0x0000000083200000, 0x0000000083100000| Untracked 
|  50|0x0000000083200000, 0x0000000083300000, 0x0000000083300000|100%| O|  |TAMS 0x0000000083300000, 0x0000000083200000| Untracked 
|  51|0x0000000083300000, 0x0000000083400000, 0x0000000083400000|100%| O|  |TAMS 0x0000000083400000, 0x0000000083300000| Untracked 
|  52|0x0000000083400000, 0x0000000083500000, 0x0000000083500000|100%|HS|  |TAMS 0x0000000083500000, 0x0000000083400000| Complete 
|  53|0x0000000083500000, 0x0000000083600000, 0x0000000083600000|100%|HC|  |TAMS 0x0000000083600000, 0x0000000083500000| Complete 
|  54|0x0000000083600000, 0x0000000083700000, 0x0000000083700000|100%|HC|  |TAMS 0x0000000083700000, 0x0000000083600000| Complete 
|  55|0x0000000083700000, 0x0000000083800000, 0x0000000083800000|100%|HC|  |TAMS 0x0000000083800000, 0x0000000083700000| Complete 
|  56|0x0000000083800000, 0x0000000083900000, 0x0000000083900000|100%| O|  |TAMS 0x0000000083900000, 0x0000000083800000| Untracked 
|  57|0x0000000083900000, 0x0000000083a00000, 0x0000000083a00000|100%| O|  |TAMS 0x0000000083a00000, 0x0000000083900000| Untracked 
|  58|0x0000000083a00000, 0x0000000083b00000, 0x0000000083b00000|100%| O|  |TAMS 0x0000000083b00000, 0x0000000083a00000| Untracked 
|  59|0x0000000083b00000, 0x0000000083c00000, 0x0000000083c00000|100%| O|  |TAMS 0x0000000083c00000, 0x0000000083b00000| Untracked 
|  60|0x0000000083c00000, 0x0000000083d00000, 0x0000000083d00000|100%| O|  |TAMS 0x0000000083d00000, 0x0000000083c00000| Untracked 
|  61|0x0000000083d00000, 0x0000000083e00000, 0x0000000083e00000|100%| O|  |TAMS 0x0000000083e00000, 0x0000000083d00000| Untracked 
|  62|0x0000000083e00000, 0x0000000083f00000, 0x0000000083f00000|100%| O|  |TAMS 0x0000000083f00000, 0x0000000083e00000| Untracked 
|  63|0x0000000083f00000, 0x0000000084000000, 0x0000000084000000|100%| O|  |TAMS 0x0000000084000000, 0x0000000083f00000| Untracked 
|  64|0x0000000084000000, 0x0000000084100000, 0x0000000084100000|100%|HS|  |TAMS 0x0000000084100000, 0x0000000084000000| Complete 
|  65|0x0000000084100000, 0x0000000084200000, 0x0000000084200000|100%|HS|  |TAMS 0x0000000084200000, 0x0000000084100000| Complete 
|  66|0x0000000084200000, 0x0000000084300000, 0x0000000084300000|100%|HS|  |TAMS 0x0000000084300000, 0x0000000084200000| Complete 
|  67|0x0000000084300000, 0x0000000084400000, 0x0000000084400000|100%|HS|  |TAMS 0x0000000084400000, 0x0000000084300000| Complete 
|  68|0x0000000084400000, 0x0000000084500000, 0x0000000084500000|100%| O|  |TAMS 0x0000000084500000, 0x0000000084400000| Untracked 
|  69|0x0000000084500000, 0x0000000084600000, 0x0000000084600000|100%| O|  |TAMS 0x0000000084600000, 0x0000000084500000| Untracked 
|  70|0x0000000084600000, 0x0000000084700000, 0x0000000084700000|100%| O|  |TAMS 0x0000000084700000, 0x0000000084600000| Untracked 
|  71|0x0000000084700000, 0x0000000084800000, 0x0000000084800000|100%| O|  |TAMS 0x0000000084800000, 0x0000000084700000| Untracked 
|  72|0x0000000084800000, 0x0000000084900000, 0x0000000084900000|100%| O|  |TAMS 0x0000000084900000, 0x0000000084800000| Untracked 
|  73|0x0000000084900000, 0x0000000084a00000, 0x0000000084a00000|100%| O|  |TAMS 0x0000000084a00000, 0x0000000084900000| Untracked 
|  74|0x0000000084a00000, 0x0000000084b00000, 0x0000000084b00000|100%| O|  |TAMS 0x0000000084b00000, 0x0000000084a00000| Untracked 
|  75|0x0000000084b00000, 0x0000000084c00000, 0x0000000084c00000|100%| O|  |TAMS 0x0000000084c00000, 0x0000000084b00000| Untracked 
|  76|0x0000000084c00000, 0x0000000084d00000, 0x0000000084d00000|100%| O|  |TAMS 0x0000000084d00000, 0x0000000084c00000| Untracked 
|  77|0x0000000084d00000, 0x0000000084e00000, 0x0000000084e00000|100%| O|  |TAMS 0x0000000084d00000, 0x0000000084d00000| Untracked 
|  78|0x0000000084e00000, 0x0000000084f00000, 0x0000000084f00000|100%| O|  |TAMS 0x0000000084f00000, 0x0000000084e00000| Untracked 
|  79|0x0000000084f00000, 0x0000000085000000, 0x0000000085000000|100%| O|  |TAMS 0x0000000084f00000, 0x0000000084f00000| Untracked 
|  80|0x0000000085000000, 0x0000000085100000, 0x0000000085100000|100%| O|  |TAMS 0x0000000085000000, 0x0000000085000000| Untracked 
|  81|0x0000000085100000, 0x0000000085200000, 0x0000000085200000|100%| O|  |TAMS 0x0000000085200000, 0x0000000085100000| Untracked 
|  82|0x0000000085200000, 0x0000000085300000, 0x0000000085300000|100%| O|  |TAMS 0x0000000085300000, 0x0000000085200000| Untracked 
|  83|0x0000000085300000, 0x0000000085400000, 0x0000000085400000|100%| O|  |TAMS 0x0000000085400000, 0x0000000085300000| Untracked 
|  84|0x0000000085400000, 0x0000000085500000, 0x0000000085500000|100%| O|  |TAMS 0x0000000085500000, 0x0000000085400000| Untracked 
|  85|0x0000000085500000, 0x0000000085600000, 0x0000000085600000|100%| O|  |TAMS 0x0000000085600000, 0x0000000085500000| Untracked 
|  86|0x0000000085600000, 0x0000000085700000, 0x0000000085700000|100%| O|  |TAMS 0x0000000085700000, 0x0000000085600000| Untracked 
|  87|0x0000000085700000, 0x0000000085800000, 0x0000000085800000|100%| O|  |TAMS 0x0000000085700000, 0x0000000085700000| Untracked 
|  88|0x0000000085800000, 0x0000000085900000, 0x0000000085900000|100%| O|  |TAMS 0x0000000085900000, 0x0000000085800000| Untracked 
|  89|0x0000000085900000, 0x0000000085a00000, 0x0000000085a00000|100%| O|  |TAMS 0x0000000085a00000, 0x0000000085900000| Untracked 
|  90|0x0000000085a00000, 0x0000000085b00000, 0x0000000085b00000|100%|HS|  |TAMS 0x0000000085a00000, 0x0000000085a00000| Complete 
|  91|0x0000000085b00000, 0x0000000085c00000, 0x0000000085c00000|100%| O|  |TAMS 0x0000000085c00000, 0x0000000085b00000| Untracked 
|  92|0x0000000085c00000, 0x0000000085d00000, 0x0000000085d00000|100%| O|  |TAMS 0x0000000085d00000, 0x0000000085c00000| Untracked 
|  93|0x0000000085d00000, 0x0000000085e00000, 0x0000000085e00000|100%| O|  |TAMS 0x0000000085e00000, 0x0000000085d00000| Untracked 
|  94|0x0000000085e00000, 0x0000000085f00000, 0x0000000085f00000|100%| O|  |TAMS 0x0000000085f00000, 0x0000000085e00000| Untracked 
|  95|0x0000000085f00000, 0x0000000086000000, 0x0000000086000000|100%| O|  |TAMS 0x0000000086000000, 0x0000000085f00000| Untracked 
|  96|0x0000000086000000, 0x0000000086100000, 0x0000000086100000|100%| O|  |TAMS 0x0000000086100000, 0x0000000086000000| Untracked 
|  97|0x0000000086100000, 0x0000000086200000, 0x0000000086200000|100%| O|  |TAMS 0x0000000086200000, 0x0000000086100000| Untracked 
|  98|0x0000000086200000, 0x0000000086300000, 0x0000000086300000|100%|HS|  |TAMS 0x0000000086300000, 0x0000000086200000| Complete 
|  99|0x0000000086300000, 0x0000000086400000, 0x0000000086400000|100%|HS|  |TAMS 0x0000000086400000, 0x0000000086300000| Complete 
| 100|0x0000000086400000, 0x0000000086500000, 0x0000000086500000|100%|HS|  |TAMS 0x0000000086500000, 0x0000000086400000| Complete 
| 101|0x0000000086500000, 0x0000000086600000, 0x0000000086600000|100%|HC|  |TAMS 0x0000000086600000, 0x0000000086500000| Complete 
| 102|0x0000000086600000, 0x0000000086700000, 0x0000000086700000|100%| O|  |TAMS 0x0000000086700000, 0x0000000086600000| Untracked 
| 103|0x0000000086700000, 0x0000000086800000, 0x0000000086800000|100%| O|  |TAMS 0x0000000086800000, 0x0000000086700000| Untracked 
| 104|0x0000000086800000, 0x0000000086900000, 0x0000000086900000|100%| O|  |TAMS 0x0000000086900000, 0x0000000086800000| Untracked 
| 105|0x0000000086900000, 0x0000000086a00000, 0x0000000086a00000|100%| O|  |TAMS 0x0000000086a00000, 0x0000000086900000| Untracked 
| 106|0x0000000086a00000, 0x0000000086b00000, 0x0000000086b00000|100%| O|  |TAMS 0x0000000086b00000, 0x0000000086a00000| Untracked 
| 107|0x0000000086b00000, 0x0000000086c00000, 0x0000000086c00000|100%| O|  |TAMS 0x0000000086c00000, 0x0000000086b00000| Untracked 
| 108|0x0000000086c00000, 0x0000000086d00000, 0x0000000086d00000|100%| O|  |TAMS 0x0000000086d00000, 0x0000000086c00000| Untracked 
| 109|0x0000000086d00000, 0x0000000086e00000, 0x0000000086e00000|100%| O|  |TAMS 0x0000000086e00000, 0x0000000086d00000| Untracked 
| 110|0x0000000086e00000, 0x0000000086f00000, 0x0000000086f00000|100%| O|  |TAMS 0x0000000086e81a00, 0x0000000086e00000| Untracked 
| 111|0x0000000086f00000, 0x0000000087000000, 0x0000000087000000|100%| O|  |TAMS 0x0000000086f00000, 0x0000000086f00000| Untracked 
| 112|0x0000000087000000, 0x0000000087100000, 0x0000000087100000|100%| O|  |TAMS 0x0000000087000000, 0x0000000087000000| Untracked 
| 113|0x0000000087100000, 0x0000000087200000, 0x0000000087200000|100%| O|  |TAMS 0x0000000087100000, 0x0000000087100000| Untracked 
| 114|0x0000000087200000, 0x0000000087300000, 0x0000000087300000|100%| O|  |TAMS 0x0000000087200000, 0x0000000087200000| Untracked 
| 115|0x0000000087300000, 0x0000000087400000, 0x0000000087400000|100%| O|  |TAMS 0x0000000087300000, 0x0000000087300000| Untracked 
| 116|0x0000000087400000, 0x0000000087500000, 0x0000000087500000|100%| O|  |TAMS 0x0000000087400000, 0x0000000087400000| Untracked 
| 117|0x0000000087500000, 0x0000000087600000, 0x0000000087600000|100%|HS|  |TAMS 0x0000000087500000, 0x0000000087500000| Complete 
| 118|0x0000000087600000, 0x0000000087700000, 0x0000000087700000|100%| O|  |TAMS 0x0000000087600000, 0x0000000087600000| Untracked 
| 119|0x0000000087700000, 0x0000000087800000, 0x0000000087800000|100%| O|  |TAMS 0x0000000087700000, 0x0000000087700000| Untracked 
| 120|0x0000000087800000, 0x0000000087900000, 0x0000000087900000|100%| O|  |TAMS 0x0000000087800000, 0x0000000087800000| Untracked 
| 121|0x0000000087900000, 0x0000000087a00000, 0x0000000087a00000|100%| O|  |TAMS 0x0000000087900000, 0x0000000087900000| Untracked 
| 122|0x0000000087a00000, 0x0000000087b00000, 0x0000000087b00000|100%| O|  |TAMS 0x0000000087a00000, 0x0000000087a00000| Untracked 
| 123|0x0000000087b00000, 0x0000000087c00000, 0x0000000087c00000|100%| O|  |TAMS 0x0000000087b00000, 0x0000000087b00000| Untracked 
| 124|0x0000000087c00000, 0x0000000087d00000, 0x0000000087d00000|100%|HS|  |TAMS 0x0000000087c00000, 0x0000000087c00000| Complete 
| 125|0x0000000087d00000, 0x0000000087e00000, 0x0000000087e00000|100%| O|  |TAMS 0x0000000087d00000, 0x0000000087d00000| Untracked 
| 126|0x0000000087e00000, 0x0000000087f00000, 0x0000000087f00000|100%| O|  |TAMS 0x0000000087e00000, 0x0000000087e00000| Untracked 
| 127|0x0000000087f00000, 0x0000000088000000, 0x0000000088000000|100%| O|  |TAMS 0x0000000087f00000, 0x0000000087f00000| Untracked 
| 128|0x0000000088000000, 0x0000000088100000, 0x0000000088100000|100%| O|  |TAMS 0x0000000088000000, 0x0000000088000000| Untracked 
| 129|0x0000000088100000, 0x0000000088200000, 0x0000000088200000|100%| O|  |TAMS 0x0000000088100000, 0x0000000088100000| Untracked 
| 130|0x0000000088200000, 0x0000000088300000, 0x0000000088300000|100%| O|  |TAMS 0x0000000088200000, 0x0000000088200000| Untracked 
| 131|0x0000000088300000, 0x0000000088400000, 0x0000000088400000|100%| O|  |TAMS 0x0000000088300000, 0x0000000088300000| Untracked 
| 132|0x0000000088400000, 0x0000000088500000, 0x0000000088500000|100%| O|  |TAMS 0x0000000088400000, 0x0000000088400000| Untracked 
| 133|0x0000000088500000, 0x0000000088600000, 0x0000000088600000|100%| O|  |TAMS 0x0000000088500000, 0x0000000088500000| Untracked 
| 134|0x0000000088600000, 0x0000000088700000, 0x0000000088700000|100%| O|  |TAMS 0x0000000088600000, 0x0000000088600000| Untracked 
| 135|0x0000000088700000, 0x0000000088800000, 0x0000000088800000|100%| O|  |TAMS 0x0000000088700000, 0x0000000088700000| Untracked 
| 136|0x0000000088800000, 0x0000000088900000, 0x0000000088900000|100%| O|  |TAMS 0x0000000088800000, 0x0000000088800000| Untracked 
| 137|0x0000000088900000, 0x0000000088a00000, 0x0000000088a00000|100%| O|  |TAMS 0x0000000088900000, 0x0000000088900000| Untracked 
| 138|0x0000000088a00000, 0x0000000088b00000, 0x0000000088b00000|100%| O|  |TAMS 0x0000000088a00000, 0x0000000088a00000| Untracked 
| 139|0x0000000088b00000, 0x0000000088c00000, 0x0000000088c00000|100%| O|  |TAMS 0x0000000088b00000, 0x0000000088b00000| Untracked 
| 140|0x0000000088c00000, 0x0000000088d00000, 0x0000000088d00000|100%| O|  |TAMS 0x0000000088c00000, 0x0000000088c00000| Untracked 
| 141|0x0000000088d00000, 0x0000000088e00000, 0x0000000088e00000|100%| O|  |TAMS 0x0000000088d00000, 0x0000000088d00000| Untracked 
| 142|0x0000000088e00000, 0x0000000088f00000, 0x0000000088f00000|100%| O|  |TAMS 0x0000000088e00000, 0x0000000088e00000| Untracked 
| 143|0x0000000088f00000, 0x0000000089000000, 0x0000000089000000|100%| O|  |TAMS 0x0000000088f00000, 0x0000000088f00000| Untracked 
| 144|0x0000000089000000, 0x0000000089100000, 0x0000000089100000|100%| O|  |TAMS 0x0000000089000000, 0x0000000089000000| Untracked 
| 145|0x0000000089100000, 0x0000000089200000, 0x0000000089200000|100%| O|  |TAMS 0x0000000089100000, 0x0000000089100000| Untracked 
| 146|0x0000000089200000, 0x0000000089300000, 0x0000000089300000|100%| O|  |TAMS 0x0000000089200000, 0x0000000089200000| Untracked 
| 147|0x0000000089300000, 0x0000000089400000, 0x0000000089400000|100%| O|  |TAMS 0x0000000089300000, 0x0000000089300000| Untracked 
| 148|0x0000000089400000, 0x0000000089500000, 0x0000000089500000|100%| O|  |TAMS 0x0000000089400000, 0x0000000089400000| Untracked 
| 149|0x0000000089500000, 0x0000000089600000, 0x0000000089600000|100%| O|  |TAMS 0x0000000089500000, 0x0000000089500000| Untracked 
| 150|0x0000000089600000, 0x0000000089700000, 0x0000000089700000|100%| O|  |TAMS 0x0000000089600000, 0x0000000089600000| Untracked 
| 151|0x0000000089700000, 0x0000000089800000, 0x0000000089800000|100%| O|  |TAMS 0x0000000089700000, 0x0000000089700000| Untracked 
| 152|0x0000000089800000, 0x0000000089900000, 0x0000000089900000|100%| O|  |TAMS 0x0000000089800000, 0x0000000089800000| Untracked 
| 153|0x0000000089900000, 0x0000000089a00000, 0x0000000089a00000|100%| O|  |TAMS 0x0000000089900000, 0x0000000089900000| Untracked 
| 154|0x0000000089a00000, 0x0000000089b00000, 0x0000000089b00000|100%| O|  |TAMS 0x0000000089a00000, 0x0000000089a00000| Untracked 
| 155|0x0000000089b00000, 0x0000000089c00000, 0x0000000089c00000|100%| O|  |TAMS 0x0000000089b00000, 0x0000000089b00000| Untracked 
| 156|0x0000000089c00000, 0x0000000089d00000, 0x0000000089d00000|100%| O|  |TAMS 0x0000000089c00000, 0x0000000089c00000| Untracked 
| 157|0x0000000089d00000, 0x0000000089e00000, 0x0000000089e00000|100%| O|  |TAMS 0x0000000089d00000, 0x0000000089d00000| Untracked 
| 158|0x0000000089e00000, 0x0000000089f00000, 0x0000000089f00000|100%| O|  |TAMS 0x0000000089e00000, 0x0000000089e00000| Untracked 
| 159|0x0000000089f00000, 0x000000008a000000, 0x000000008a000000|100%| O|  |TAMS 0x0000000089f00000, 0x0000000089f00000| Untracked 
| 160|0x000000008a000000, 0x000000008a100000, 0x000000008a100000|100%| O|  |TAMS 0x000000008a000000, 0x000000008a000000| Untracked 
| 161|0x000000008a100000, 0x000000008a200000, 0x000000008a200000|100%| O|  |TAMS 0x000000008a100000, 0x000000008a100000| Untracked 
| 162|0x000000008a200000, 0x000000008a300000, 0x000000008a300000|100%| O|  |TAMS 0x000000008a200000, 0x000000008a200000| Untracked 
| 163|0x000000008a300000, 0x000000008a400000, 0x000000008a400000|100%| O|  |TAMS 0x000000008a300000, 0x000000008a300000| Untracked 
| 164|0x000000008a400000, 0x000000008a500000, 0x000000008a500000|100%| O|  |TAMS 0x000000008a400000, 0x000000008a400000| Untracked 
| 165|0x000000008a500000, 0x000000008a600000, 0x000000008a600000|100%| O|  |TAMS 0x000000008a500000, 0x000000008a500000| Untracked 
| 166|0x000000008a600000, 0x000000008a700000, 0x000000008a700000|100%| O|  |TAMS 0x000000008a600000, 0x000000008a600000| Untracked 
| 167|0x000000008a700000, 0x000000008a800000, 0x000000008a800000|100%| O|  |TAMS 0x000000008a700000, 0x000000008a700000| Untracked 
| 168|0x000000008a800000, 0x000000008a900000, 0x000000008a900000|100%| O|  |TAMS 0x000000008a800000, 0x000000008a800000| Untracked 
| 169|0x000000008a900000, 0x000000008aa00000, 0x000000008aa00000|100%| O|  |TAMS 0x000000008a900000, 0x000000008a900000| Untracked 
| 170|0x000000008aa00000, 0x000000008ab00000, 0x000000008ab00000|100%| O|  |TAMS 0x000000008aa00000, 0x000000008aa00000| Untracked 
| 171|0x000000008ab00000, 0x000000008ac00000, 0x000000008ac00000|100%| O|  |TAMS 0x000000008ab00000, 0x000000008ab00000| Untracked 
| 172|0x000000008ac00000, 0x000000008ad00000, 0x000000008ad00000|100%| O|  |TAMS 0x000000008ac00000, 0x000000008ac00000| Untracked 
| 173|0x000000008ad00000, 0x000000008ae00000, 0x000000008ae00000|100%| O|  |TAMS 0x000000008ad00000, 0x000000008ad00000| Untracked 
| 174|0x000000008ae00000, 0x000000008af00000, 0x000000008af00000|100%| O|  |TAMS 0x000000008ae00000, 0x000000008ae00000| Untracked 
| 175|0x000000008af00000, 0x000000008b000000, 0x000000008b000000|100%| O|  |TAMS 0x000000008af00000, 0x000000008af00000| Untracked 
| 176|0x000000008b000000, 0x000000008b100000, 0x000000008b100000|100%| O|  |TAMS 0x000000008b000000, 0x000000008b000000| Untracked 
| 177|0x000000008b100000, 0x000000008b200000, 0x000000008b200000|100%| O|  |TAMS 0x000000008b100000, 0x000000008b100000| Untracked 
| 178|0x000000008b200000, 0x000000008b300000, 0x000000008b300000|100%| O|  |TAMS 0x000000008b200000, 0x000000008b200000| Untracked 
| 179|0x000000008b300000, 0x000000008b400000, 0x000000008b400000|100%| O|  |TAMS 0x000000008b300000, 0x000000008b300000| Untracked 
| 180|0x000000008b400000, 0x000000008b500000, 0x000000008b500000|100%| O|  |TAMS 0x000000008b400000, 0x000000008b400000| Untracked 
| 181|0x000000008b500000, 0x000000008b600000, 0x000000008b600000|100%| O|  |TAMS 0x000000008b500000, 0x000000008b500000| Untracked 
| 182|0x000000008b600000, 0x000000008b700000, 0x000000008b700000|100%| O|  |TAMS 0x000000008b600000, 0x000000008b600000| Untracked 
| 183|0x000000008b700000, 0x000000008b800000, 0x000000008b800000|100%| O|  |TAMS 0x000000008b700000, 0x000000008b700000| Untracked 
| 184|0x000000008b800000, 0x000000008b900000, 0x000000008b900000|100%| O|  |TAMS 0x000000008b800000, 0x000000008b800000| Untracked 
| 185|0x000000008b900000, 0x000000008ba00000, 0x000000008ba00000|100%| O|  |TAMS 0x000000008b900000, 0x000000008b900000| Untracked 
| 186|0x000000008ba00000, 0x000000008bb00000, 0x000000008bb00000|100%| O|  |TAMS 0x000000008ba00000, 0x000000008ba00000| Untracked 
| 187|0x000000008bb00000, 0x000000008bc00000, 0x000000008bc00000|100%| O|  |TAMS 0x000000008bb00000, 0x000000008bb00000| Untracked 
| 188|0x000000008bc00000, 0x000000008bc57800, 0x000000008bd00000| 34%| O|  |TAMS 0x000000008bc00000, 0x000000008bc00000| Untracked 
| 189|0x000000008bd00000, 0x000000008bd00000, 0x000000008be00000|  0%| F|  |TAMS 0x000000008bd00000, 0x000000008bd00000| Untracked 
| 190|0x000000008be00000, 0x000000008be00000, 0x000000008bf00000|  0%| F|  |TAMS 0x000000008be00000, 0x000000008be00000| Untracked 
| 191|0x000000008bf00000, 0x000000008bf00000, 0x000000008c000000|  0%| F|  |TAMS 0x000000008bf00000, 0x000000008bf00000| Untracked 
| 192|0x000000008c000000, 0x000000008c000000, 0x000000008c100000|  0%| F|  |TAMS 0x000000008c000000, 0x000000008c000000| Untracked 
| 193|0x000000008c100000, 0x000000008c100000, 0x000000008c200000|  0%| F|  |TAMS 0x000000008c100000, 0x000000008c100000| Untracked 
| 194|0x000000008c200000, 0x000000008c200000, 0x000000008c300000|  0%| F|  |TAMS 0x000000008c200000, 0x000000008c200000| Untracked 
| 195|0x000000008c300000, 0x000000008c300000, 0x000000008c400000|  0%| F|  |TAMS 0x000000008c300000, 0x000000008c300000| Untracked 
| 196|0x000000008c400000, 0x000000008c400000, 0x000000008c500000|  0%| F|  |TAMS 0x000000008c400000, 0x000000008c400000| Untracked 
| 197|0x000000008c500000, 0x000000008c500000, 0x000000008c600000|  0%| F|  |TAMS 0x000000008c500000, 0x000000008c500000| Untracked 
| 198|0x000000008c600000, 0x000000008c600000, 0x000000008c700000|  0%| F|  |TAMS 0x000000008c600000, 0x000000008c600000| Untracked 
| 199|0x000000008c700000, 0x000000008c700000, 0x000000008c800000|  0%| F|  |TAMS 0x000000008c700000, 0x000000008c700000| Untracked 
| 200|0x000000008c800000, 0x000000008c800000, 0x000000008c900000|  0%| F|  |TAMS 0x000000008c800000, 0x000000008c800000| Untracked 
| 201|0x000000008c900000, 0x000000008c900000, 0x000000008ca00000|  0%| F|  |TAMS 0x000000008c900000, 0x000000008c900000| Untracked 
| 202|0x000000008ca00000, 0x000000008ca00000, 0x000000008cb00000|  0%| F|  |TAMS 0x000000008ca00000, 0x000000008ca00000| Untracked 
| 203|0x000000008cb00000, 0x000000008cb00000, 0x000000008cc00000|  0%| F|  |TAMS 0x000000008cb00000, 0x000000008cb00000| Untracked 
| 204|0x000000008cc00000, 0x000000008cc00000, 0x000000008cd00000|  0%| F|  |TAMS 0x000000008cc00000, 0x000000008cc00000| Untracked 
| 205|0x000000008cd00000, 0x000000008cd00000, 0x000000008ce00000|  0%| F|  |TAMS 0x000000008cd00000, 0x000000008cd00000| Untracked 
| 206|0x000000008ce00000, 0x000000008ce00000, 0x000000008cf00000|  0%| F|  |TAMS 0x000000008ce00000, 0x000000008ce00000| Untracked 
| 207|0x000000008cf00000, 0x000000008cf00000, 0x000000008d000000|  0%| F|  |TAMS 0x000000008cf00000, 0x000000008cf00000| Untracked 
| 208|0x000000008d000000, 0x000000008d000000, 0x000000008d100000|  0%| F|  |TAMS 0x000000008d000000, 0x000000008d000000| Untracked 
| 209|0x000000008d100000, 0x000000008d100000, 0x000000008d200000|  0%| F|  |TAMS 0x000000008d100000, 0x000000008d100000| Untracked 
| 210|0x000000008d200000, 0x000000008d200000, 0x000000008d300000|  0%| F|  |TAMS 0x000000008d200000, 0x000000008d200000| Untracked 
| 211|0x000000008d300000, 0x000000008d300000, 0x000000008d400000|  0%| F|  |TAMS 0x000000008d300000, 0x000000008d300000| Untracked 
| 212|0x000000008d400000, 0x000000008d400000, 0x000000008d500000|  0%| F|  |TAMS 0x000000008d400000, 0x000000008d400000| Untracked 
| 213|0x000000008d500000, 0x000000008d500000, 0x000000008d600000|  0%| F|  |TAMS 0x000000008d500000, 0x000000008d500000| Untracked 
| 214|0x000000008d600000, 0x000000008d600000, 0x000000008d700000|  0%| F|  |TAMS 0x000000008d600000, 0x000000008d600000| Untracked 
| 215|0x000000008d700000, 0x000000008d700000, 0x000000008d800000|  0%| F|  |TAMS 0x000000008d700000, 0x000000008d700000| Untracked 
| 216|0x000000008d800000, 0x000000008d800000, 0x000000008d900000|  0%| F|  |TAMS 0x000000008d800000, 0x000000008d800000| Untracked 
| 217|0x000000008d900000, 0x000000008d900000, 0x000000008da00000|  0%| F|  |TAMS 0x000000008d900000, 0x000000008d900000| Untracked 
| 218|0x000000008da00000, 0x000000008da00000, 0x000000008db00000|  0%| F|  |TAMS 0x000000008da00000, 0x000000008da00000| Untracked 
| 219|0x000000008db00000, 0x000000008db00000, 0x000000008dc00000|  0%| F|  |TAMS 0x000000008db00000, 0x000000008db00000| Untracked 
| 220|0x000000008dc00000, 0x000000008dc00000, 0x000000008dd00000|  0%| F|  |TAMS 0x000000008dc00000, 0x000000008dc00000| Untracked 
| 221|0x000000008dd00000, 0x000000008dd00000, 0x000000008de00000|  0%| F|  |TAMS 0x000000008dd00000, 0x000000008dd00000| Untracked 
| 222|0x000000008de00000, 0x000000008de00000, 0x000000008df00000|  0%| F|  |TAMS 0x000000008de00000, 0x000000008de00000| Untracked 
| 223|0x000000008df00000, 0x000000008df00000, 0x000000008e000000|  0%| F|  |TAMS 0x000000008df00000, 0x000000008df00000| Untracked 
| 224|0x000000008e000000, 0x000000008e000000, 0x000000008e100000|  0%| F|  |TAMS 0x000000008e000000, 0x000000008e000000| Untracked 
| 225|0x000000008e100000, 0x000000008e100000, 0x000000008e200000|  0%| F|  |TAMS 0x000000008e100000, 0x000000008e100000| Untracked 
| 226|0x000000008e200000, 0x000000008e2e2680, 0x000000008e300000| 88%| S|CS|TAMS 0x000000008e200000, 0x000000008e200000| Complete 
| 227|0x000000008e300000, 0x000000008e400000, 0x000000008e400000|100%| S|CS|TAMS 0x000000008e300000, 0x000000008e300000| Complete 
| 228|0x000000008e400000, 0x000000008e400000, 0x000000008e500000|  0%| F|  |TAMS 0x000000008e400000, 0x000000008e400000| Untracked 
| 229|0x000000008e500000, 0x000000008e500000, 0x000000008e600000|  0%| F|  |TAMS 0x000000008e500000, 0x000000008e500000| Untracked 
| 230|0x000000008e600000, 0x000000008e600000, 0x000000008e700000|  0%| F|  |TAMS 0x000000008e600000, 0x000000008e600000| Untracked 
| 231|0x000000008e700000, 0x000000008e700000, 0x000000008e800000|  0%| F|  |TAMS 0x000000008e700000, 0x000000008e700000| Untracked 
| 232|0x000000008e800000, 0x000000008e800000, 0x000000008e900000|  0%| F|  |TAMS 0x000000008e800000, 0x000000008e800000| Untracked 
| 233|0x000000008e900000, 0x000000008e900000, 0x000000008ea00000|  0%| F|  |TAMS 0x000000008e900000, 0x000000008e900000| Untracked 
| 234|0x000000008ea00000, 0x000000008ea00000, 0x000000008eb00000|  0%| F|  |TAMS 0x000000008ea00000, 0x000000008ea00000| Untracked 
| 235|0x000000008eb00000, 0x000000008eb00000, 0x000000008ec00000|  0%| F|  |TAMS 0x000000008eb00000, 0x000000008eb00000| Untracked 
| 236|0x000000008ec00000, 0x000000008ec00000, 0x000000008ed00000|  0%| F|  |TAMS 0x000000008ec00000, 0x000000008ec00000| Untracked 
| 237|0x000000008ed00000, 0x000000008ed00000, 0x000000008ee00000|  0%| F|  |TAMS 0x000000008ed00000, 0x000000008ed00000| Untracked 
| 238|0x000000008ee00000, 0x000000008ee00000, 0x000000008ef00000|  0%| F|  |TAMS 0x000000008ee00000, 0x000000008ee00000| Untracked 
| 239|0x000000008ef00000, 0x000000008ef00000, 0x000000008f000000|  0%| F|  |TAMS 0x000000008ef00000, 0x000000008ef00000| Untracked 
| 240|0x000000008f000000, 0x000000008f000000, 0x000000008f100000|  0%| F|  |TAMS 0x000000008f000000, 0x000000008f000000| Untracked 
| 241|0x000000008f100000, 0x000000008f100000, 0x000000008f200000|  0%| F|  |TAMS 0x000000008f100000, 0x000000008f100000| Untracked 
| 242|0x000000008f200000, 0x000000008f200000, 0x000000008f300000|  0%| F|  |TAMS 0x000000008f200000, 0x000000008f200000| Untracked 
| 243|0x000000008f300000, 0x000000008f300000, 0x000000008f400000|  0%| F|  |TAMS 0x000000008f300000, 0x000000008f300000| Untracked 
| 244|0x000000008f400000, 0x000000008f400000, 0x000000008f500000|  0%| F|  |TAMS 0x000000008f400000, 0x000000008f400000| Untracked 
| 245|0x000000008f500000, 0x000000008f500000, 0x000000008f600000|  0%| F|  |TAMS 0x000000008f500000, 0x000000008f500000| Untracked 
| 246|0x000000008f600000, 0x000000008f600000, 0x000000008f700000|  0%| F|  |TAMS 0x000000008f600000, 0x000000008f600000| Untracked 
| 247|0x000000008f700000, 0x000000008f700000, 0x000000008f800000|  0%| F|  |TAMS 0x000000008f700000, 0x000000008f700000| Untracked 
| 248|0x000000008f800000, 0x000000008f800000, 0x000000008f900000|  0%| F|  |TAMS 0x000000008f800000, 0x000000008f800000| Untracked 
| 249|0x000000008f900000, 0x000000008f900000, 0x000000008fa00000|  0%| F|  |TAMS 0x000000008f900000, 0x000000008f900000| Untracked 
| 250|0x000000008fa00000, 0x000000008fa00000, 0x000000008fb00000|  0%| F|  |TAMS 0x000000008fa00000, 0x000000008fa00000| Untracked 
| 251|0x000000008fb00000, 0x000000008fb00000, 0x000000008fc00000|  0%| F|  |TAMS 0x000000008fb00000, 0x000000008fb00000| Untracked 
| 252|0x000000008fc00000, 0x000000008fc00000, 0x000000008fd00000|  0%| F|  |TAMS 0x000000008fc00000, 0x000000008fc00000| Untracked 
| 253|0x000000008fd00000, 0x000000008fd00000, 0x000000008fe00000|  0%| F|  |TAMS 0x000000008fd00000, 0x000000008fd00000| Untracked 
| 254|0x000000008fe00000, 0x000000008fe00000, 0x000000008ff00000|  0%| F|  |TAMS 0x000000008fe00000, 0x000000008fe00000| Untracked 
| 255|0x000000008ff00000, 0x000000008ff00000, 0x0000000090000000|  0%| F|  |TAMS 0x000000008ff00000, 0x000000008ff00000| Untracked 
| 256|0x0000000090000000, 0x0000000090000000, 0x0000000090100000|  0%| F|  |TAMS 0x0000000090000000, 0x0000000090000000| Untracked 
| 257|0x0000000090100000, 0x0000000090100000, 0x0000000090200000|  0%| F|  |TAMS 0x0000000090100000, 0x0000000090100000| Untracked 
| 258|0x0000000090200000, 0x0000000090200000, 0x0000000090300000|  0%| F|  |TAMS 0x0000000090200000, 0x0000000090200000| Untracked 
| 259|0x0000000090300000, 0x000000009035d070, 0x0000000090400000| 36%| E|  |TAMS 0x0000000090300000, 0x0000000090300000| Complete 
| 260|0x0000000090400000, 0x0000000090500000, 0x0000000090500000|100%| E|CS|TAMS 0x0000000090400000, 0x0000000090400000| Complete 

Card table byte_map: [0x0000023700000000,0x0000023700400000] _byte_map_base: 0x00000236ffc00000

Marking Bits (Prev, Next): (CMBitMap*) 0x0000023769164820, (CMBitMap*) 0x00000237691647e0
 Prev Bits: [0x0000023702800000, 0x0000023704800000)
 Next Bits: [0x0000023700800000, 0x0000023702800000)

Polling page: 0x0000023767030000

Metaspace:

Usage:
  Non-class:     90.88 MB used.
      Class:     14.68 MB used.
       Both:    105.55 MB used.

Virtual space:
  Non-class space:      128.00 MB reserved,      91.44 MB ( 71%) committed,  2 nodes.
      Class space:      416.00 MB reserved,      15.19 MB (  4%) committed,  1 nodes.
             Both:      544.00 MB reserved,     106.62 MB ( 20%) committed. 

Chunk freelists:
   Non-Class:  4.52 MB
       Class:  847.00 KB
        Both:  5.34 MB

MaxMetaspaceSize: 512.00 MB
CompressedClassSpaceSize: 416.00 MB
Initial GC threshold: 21.00 MB
Current GC threshold: 153.06 MB
CDS: on
MetaspaceReclaimPolicy: balanced
 - commit_granule_bytes: 65536.
 - commit_granule_words: 8192.
 - virtual_space_node_default_size: 8388608.
 - enlarge_chunks_in_place: 1.
 - new_chunks_are_fully_committed: 0.
 - uncommit_free_chunks: 1.
 - use_allocation_guard: 0.
 - handle_deallocations: 1.


Internal statistics:

num_allocs_failed_limit: 6.
num_arena_births: 1414.
num_arena_deaths: 0.
num_vsnodes_births: 3.
num_vsnodes_deaths: 0.
num_space_committed: 1706.
num_space_uncommitted: 0.
num_chunks_returned_to_freelist: 6.
num_chunks_taken_from_freelist: 6061.
num_chunk_merges: 6.
num_chunk_splits: 3892.
num_chunks_enlarged: 2497.
num_inconsistent_stats: 0.

CodeHeap 'non-profiled nmethods': size=120000Kb used=10104Kb max_used=10104Kb free=109895Kb
 bounds [0x00000237786d0000, 0x00000237790b0000, 0x000002377fc00000]
CodeHeap 'profiled nmethods': size=120000Kb used=27386Kb max_used=27386Kb free=92613Kb
 bounds [0x0000023770c00000, 0x00000237726c0000, 0x0000023778130000]
CodeHeap 'non-nmethods': size=5760Kb used=2457Kb max_used=2591Kb free=3303Kb
 bounds [0x0000023778130000, 0x00000237783d0000, 0x00000237786d0000]
 total_blobs=14658 nmethods=13663 adapters=906
 compilation: enabled
              stopped_count=0, restarted_count=0
 full_count=0

Compilation events (20 events):
Event: 42.969 Thread 0x0000023706d1a510 nmethod 15826 0x000002377909c310 code [0x000002377909c500, 0x000002377909d098]
Event: 42.969 Thread 0x0000023706d1a510 15828       4       java.util.concurrent.FutureTask::get (23 bytes)
Event: 42.973 Thread 0x00000237284e49b0 nmethod 15825 0x000002377909d810 code [0x000002377909da40, 0x000002377909ea50]
Event: 42.973 Thread 0x00000237284e49b0 15827       4       java.util.concurrent.FutureTask::report (37 bytes)
Event: 42.974 Thread 0x00000237284e49b0 nmethod 15827 0x000002377909f510 code [0x000002377909f680, 0x000002377909f718]
Event: 42.975 Thread 0x00000237284e49b0 15829       4       org.gradle.internal.file.FileHierarchySet$PrefixFileSet::contains (10 bytes)
Event: 42.975 Thread 0x00000237284e49b0 nmethod 15829 0x000002377909f810 code [0x000002377909f9a0, 0x000002377909fa68]
Event: 42.976 Thread 0x0000023706d1a510 nmethod 15828 0x000002377909fb90 code [0x000002377909fd20, 0x00000237790a0548]
Event: 42.987 Thread 0x00000237284e49b0 15830       4       org.gradle.cache.internal.CrossProcessSynchronizingIndexedCache::getIfPresent (17 bytes)
Event: 42.991 Thread 0x0000023706d1a510 15831       4       com.google.common.cache.LocalCache$LoadingValueReference::get (10 bytes)
Event: 42.991 Thread 0x0000023706d1a510 nmethod 15831 0x00000237790a0790 code [0x00000237790a0900, 0x00000237790a09b8]
Event: 42.997 Thread 0x00000237284e49b0 nmethod 15830 0x00000237790a0a90 code [0x00000237790a0cc0, 0x00000237790a1610]
Event: 43.008 Thread 0x0000023706d1a510 15832   !   4       com.google.common.cache.LocalCache$Segment::storeLoadedValue (371 bytes)
Event: 43.012 Thread 0x00000237284e49b0 15833       4       org.gradle.internal.time.DefaultTimer::getElapsedMillis (29 bytes)
Event: 43.013 Thread 0x00000237284e49b0 nmethod 15833 0x00000237790a1e10 code [0x00000237790a1fa0, 0x00000237790a2158]
Event: 43.013 Thread 0x00000237284e49b0 15834       4       java.nio.file.attribute.FileTime::toMillis (98 bytes)
Event: 43.013 Thread 0x00000237284e49b0 nmethod 15834 0x00000237790a2310 code [0x00000237790a2480, 0x00000237790a25d8]
Event: 43.016 Thread 0x00000237284e49b0 15835       4       org.gradle.cache.internal.DefaultFileLockManager$DefaultFileLock::assertOpenAndIntegral (41 bytes)
Event: 43.017 Thread 0x00000237284e49b0 nmethod 15835 0x00000237790a2710 code [0x00000237790a28a0, 0x00000237790a29d8]
Event: 43.018 Thread 0x00000237284e49b0 15836   !   4       org.gradle.cache.internal.DefaultMultiProcessSafeIndexedCache::getIfPresent (25 bytes)

GC Heap History (20 events):
Event: 37.096 GC heap before
{Heap before GC invocations=50 (full 0):
 garbage-first heap   total 215040K, used 178754K [0x0000000080000000, 0x0000000100000000)
  region size 1024K, 40 young (40960K), 4 survivors (4096K)
 Metaspace       used 100311K, committed 101312K, reserved 557056K
  class space    used 14060K, committed 14528K, reserved 425984K
}
Event: 37.102 GC heap after
{Heap after GC invocations=51 (full 0):
 garbage-first heap   total 215040K, used 144562K [0x0000000080000000, 0x0000000100000000)
  region size 1024K, 5 young (5120K), 5 survivors (5120K)
 Metaspace       used 100311K, committed 101312K, reserved 557056K
  class space    used 14060K, committed 14528K, reserved 425984K
}
Event: 37.474 GC heap before
{Heap before GC invocations=51 (full 0):
 garbage-first heap   total 215040K, used 180402K [0x0000000080000000, 0x0000000100000000)
  region size 1024K, 40 young (40960K), 5 survivors (5120K)
 Metaspace       used 100546K, committed 101568K, reserved 557056K
  class space    used 14084K, committed 14528K, reserved 425984K
}
Event: 37.487 GC heap after
{Heap after GC invocations=52 (full 0):
 garbage-first heap   total 215040K, used 150060K [0x0000000080000000, 0x0000000100000000)
  region size 1024K, 5 young (5120K), 5 survivors (5120K)
 Metaspace       used 100546K, committed 101568K, reserved 557056K
  class space    used 14084K, committed 14528K, reserved 425984K
}
Event: 37.699 GC heap before
{Heap before GC invocations=52 (full 0):
 garbage-first heap   total 215040K, used 180780K [0x0000000080000000, 0x0000000100000000)
  region size 1024K, 35 young (35840K), 5 survivors (5120K)
 Metaspace       used 100574K, committed 101568K, reserved 557056K
  class space    used 14085K, committed 14528K, reserved 425984K
}
Event: 37.707 GC heap after
{Heap after GC invocations=53 (full 0):
 garbage-first heap   total 215040K, used 156062K [0x0000000080000000, 0x0000000100000000)
  region size 1024K, 5 young (5120K), 5 survivors (5120K)
 Metaspace       used 100574K, committed 101568K, reserved 557056K
  class space    used 14085K, committed 14528K, reserved 425984K
}
Event: 37.943 GC heap before
{Heap before GC invocations=53 (full 0):
 garbage-first heap   total 215040K, used 181662K [0x0000000080000000, 0x0000000100000000)
  region size 1024K, 30 young (30720K), 5 survivors (5120K)
 Metaspace       used 100682K, committed 101696K, reserved 557056K
  class space    used 14096K, committed 14528K, reserved 425984K
}
Event: 37.951 GC heap after
{Heap after GC invocations=54 (full 0):
 garbage-first heap   total 267264K, used 160768K [0x0000000080000000, 0x0000000100000000)
  region size 1024K, 4 young (4096K), 4 survivors (4096K)
 Metaspace       used 100682K, committed 101696K, reserved 557056K
  class space    used 14096K, committed 14528K, reserved 425984K
}
Event: 38.812 GC heap before
{Heap before GC invocations=54 (full 0):
 garbage-first heap   total 267264K, used 217088K [0x0000000080000000, 0x0000000100000000)
  region size 1024K, 58 young (59392K), 4 survivors (4096K)
 Metaspace       used 101409K, committed 102464K, reserved 557056K
  class space    used 14183K, committed 14656K, reserved 425984K
}
Event: 38.827 GC heap after
{Heap after GC invocations=55 (full 0):
 garbage-first heap   total 267264K, used 171267K [0x0000000080000000, 0x0000000100000000)
  region size 1024K, 8 young (8192K), 8 survivors (8192K)
 Metaspace       used 101409K, committed 102464K, reserved 557056K
  class space    used 14183K, committed 14656K, reserved 425984K
}
Event: 39.642 GC heap before
{Heap before GC invocations=55 (full 0):
 garbage-first heap   total 267264K, used 217347K [0x0000000080000000, 0x0000000100000000)
  region size 1024K, 53 young (54272K), 8 survivors (8192K)
 Metaspace       used 105946K, committed 107136K, reserved 557056K
  class space    used 14814K, committed 15360K, reserved 425984K
}
Event: 39.657 GC heap after
{Heap after GC invocations=56 (full 0):
 garbage-first heap   total 267264K, used 174820K [0x0000000080000000, 0x0000000100000000)
  region size 1024K, 3 young (3072K), 3 survivors (3072K)
 Metaspace       used 105946K, committed 107136K, reserved 557056K
  class space    used 14814K, committed 15360K, reserved 425984K
}
Event: 40.510 GC heap before
{Heap before GC invocations=56 (full 0):
 garbage-first heap   total 267264K, used 220900K [0x0000000080000000, 0x0000000100000000)
  region size 1024K, 48 young (49152K), 3 survivors (3072K)
 Metaspace       used 106781K, committed 107904K, reserved 557056K
  class space    used 14892K, committed 15424K, reserved 425984K
}
Event: 40.524 GC heap after
{Heap after GC invocations=57 (full 0):
 garbage-first heap   total 267264K, used 181134K [0x0000000080000000, 0x0000000100000000)
  region size 1024K, 6 young (6144K), 6 survivors (6144K)
 Metaspace       used 106781K, committed 107904K, reserved 557056K
  class space    used 14892K, committed 15424K, reserved 425984K
}
Event: 41.007 GC heap before
{Heap before GC invocations=57 (full 0):
 garbage-first heap   total 267264K, used 223118K [0x0000000080000000, 0x0000000100000000)
  region size 1024K, 47 young (48128K), 6 survivors (6144K)
 Metaspace       used 107048K, committed 108160K, reserved 557056K
  class space    used 14906K, committed 15424K, reserved 425984K
}
Event: 41.019 GC heap after
{Heap after GC invocations=58 (full 0):
 garbage-first heap   total 267264K, used 186529K [0x0000000080000000, 0x0000000100000000)
  region size 1024K, 5 young (5120K), 5 survivors (5120K)
 Metaspace       used 107048K, committed 108160K, reserved 557056K
  class space    used 14906K, committed 15424K, reserved 425984K
}
Event: 41.792 GC heap before
{Heap before GC invocations=58 (full 0):
 garbage-first heap   total 267264K, used 223393K [0x0000000080000000, 0x0000000100000000)
  region size 1024K, 42 young (43008K), 5 survivors (5120K)
 Metaspace       used 107732K, committed 108864K, reserved 557056K
  class space    used 14981K, committed 15488K, reserved 425984K
}
Event: 41.798 GC heap after
{Heap after GC invocations=59 (full 0):
 garbage-first heap   total 267264K, used 188894K [0x0000000080000000, 0x0000000100000000)
  region size 1024K, 3 young (3072K), 3 survivors (3072K)
 Metaspace       used 107732K, committed 108864K, reserved 557056K
  class space    used 14981K, committed 15488K, reserved 425984K
}
Event: 42.323 GC heap before
{Heap before GC invocations=59 (full 0):
 garbage-first heap   total 267264K, used 224734K [0x0000000080000000, 0x0000000100000000)
  region size 1024K, 39 young (39936K), 3 survivors (3072K)
 Metaspace       used 108084K, committed 109184K, reserved 557056K
  class space    used 15029K, committed 15552K, reserved 425984K
}
Event: 42.331 GC heap after
{Heap after GC invocations=60 (full 0):
 garbage-first heap   total 267264K, used 192748K [0x0000000080000000, 0x0000000100000000)
  region size 1024K, 5 young (5120K), 5 survivors (5120K)
 Metaspace       used 108084K, committed 109184K, reserved 557056K
  class space    used 15029K, committed 15552K, reserved 425984K
}

Dll operation events (14 events):
Event: 0.009 Loaded shared library C:\Program Files\Microsoft\jdk-17.0.8.7-hotspot\bin\java.dll
Event: 0.025 Loaded shared library C:\Program Files\Microsoft\jdk-17.0.8.7-hotspot\bin\jsvml.dll
Event: 0.065 Loaded shared library C:\Program Files\Microsoft\jdk-17.0.8.7-hotspot\bin\zip.dll
Event: 0.069 Loaded shared library C:\Program Files\Microsoft\jdk-17.0.8.7-hotspot\bin\instrument.dll
Event: 0.073 Loaded shared library C:\Program Files\Microsoft\jdk-17.0.8.7-hotspot\bin\net.dll
Event: 0.075 Loaded shared library C:\Program Files\Microsoft\jdk-17.0.8.7-hotspot\bin\nio.dll
Event: 0.078 Loaded shared library C:\Program Files\Microsoft\jdk-17.0.8.7-hotspot\bin\zip.dll
Event: 0.264 Loaded shared library C:\Program Files\Microsoft\jdk-17.0.8.7-hotspot\bin\jimage.dll
Event: 0.330 Loaded shared library C:\Program Files\Microsoft\jdk-17.0.8.7-hotspot\bin\verify.dll
Event: 0.495 Loaded shared library C:\Users\aladi\.gradle\native\68d5fa5c4cc2d200863cafc0d521ce42e7d3e7ee720ec0a83991735586a16f82\windows-amd64\native-platform.dll
Event: 0.499 Loaded shared library C:\Users\aladi\.gradle\native\e376f236ea51e6404a007f0833ffe2c6e607c4080706a723a18a27aeea778392\windows-amd64\native-platform-file-events.dll
Event: 1.302 Loaded shared library C:\Program Files\Microsoft\jdk-17.0.8.7-hotspot\bin\management.dll
Event: 1.304 Loaded shared library C:\Program Files\Microsoft\jdk-17.0.8.7-hotspot\bin\management_ext.dll
Event: 1.693 Loaded shared library C:\Program Files\Microsoft\jdk-17.0.8.7-hotspot\bin\sunmscapi.dll

Deoptimization events (20 events):
Event: 42.131 Thread 0x0000023727b4c0e0 Uncommon trap: trap_request=0xffffffc6 fr.pc=0x0000023778fd8d48 relative=0x00000000000000a8
Event: 42.131 Thread 0x0000023727b4c0e0 Uncommon trap: reason=bimorphic_or_optimized_type_check action=maybe_recompile pc=0x0000023778fd8d48 method=org.gradle.execution.plan.ActionNode.hasPendingPreExecutionNodes()Z @ 11 c2
Event: 42.131 Thread 0x0000023727b4c0e0 DEOPT PACKING pc=0x0000023778fd8d48 sp=0x000000681ccfd740
Event: 42.131 Thread 0x0000023727b4c0e0 DEOPT UNPACKING pc=0x00000237781869a3 sp=0x000000681ccfd6c8 mode 2
Event: 42.136 Thread 0x0000023727b4c0e0 Uncommon trap: trap_request=0xffffffc6 fr.pc=0x0000023778fd8d48 relative=0x00000000000000a8
Event: 42.136 Thread 0x0000023727b4c0e0 Uncommon trap: reason=bimorphic_or_optimized_type_check action=maybe_recompile pc=0x0000023778fd8d48 method=org.gradle.execution.plan.ActionNode.hasPendingPreExecutionNodes()Z @ 11 c2
Event: 42.136 Thread 0x0000023727b4c0e0 DEOPT PACKING pc=0x0000023778fd8d48 sp=0x000000681ccfd740
Event: 42.136 Thread 0x0000023727b4c0e0 DEOPT UNPACKING pc=0x00000237781869a3 sp=0x000000681ccfd6c8 mode 2
Event: 42.161 Thread 0x0000023727b4c0e0 Uncommon trap: trap_request=0xffffffc6 fr.pc=0x0000023778fd8d48 relative=0x00000000000000a8
Event: 42.161 Thread 0x0000023727b4c0e0 Uncommon trap: reason=bimorphic_or_optimized_type_check action=maybe_recompile pc=0x0000023778fd8d48 method=org.gradle.execution.plan.ActionNode.hasPendingPreExecutionNodes()Z @ 11 c2
Event: 42.161 Thread 0x0000023727b4c0e0 DEOPT PACKING pc=0x0000023778fd8d48 sp=0x000000681ccfd740
Event: 42.161 Thread 0x0000023727b4c0e0 DEOPT UNPACKING pc=0x00000237781869a3 sp=0x000000681ccfd6c8 mode 2
Event: 42.174 Thread 0x0000023727b4c0e0 Uncommon trap: trap_request=0xffffffc6 fr.pc=0x0000023778fd8d48 relative=0x00000000000000a8
Event: 42.174 Thread 0x0000023727b4c0e0 Uncommon trap: reason=bimorphic_or_optimized_type_check action=maybe_recompile pc=0x0000023778fd8d48 method=org.gradle.execution.plan.ActionNode.hasPendingPreExecutionNodes()Z @ 11 c2
Event: 42.174 Thread 0x0000023727b4c0e0 DEOPT PACKING pc=0x0000023778fd8d48 sp=0x000000681ccfd740
Event: 42.174 Thread 0x0000023727b4c0e0 DEOPT UNPACKING pc=0x00000237781869a3 sp=0x000000681ccfd6c8 mode 2
Event: 42.838 Thread 0x0000023727b4b6c0 Uncommon trap: trap_request=0xffffff45 fr.pc=0x00000237790710fc relative=0x000000000000073c
Event: 42.838 Thread 0x0000023727b4b6c0 Uncommon trap: reason=unstable_if action=reinterpret pc=0x00000237790710fc method=java.util.concurrent.ArrayBlockingQueue.enqueue(Ljava/lang/Object;)V @ 25 c2
Event: 42.838 Thread 0x0000023727b4b6c0 DEOPT PACKING pc=0x00000237790710fc sp=0x000000681dffadd0
Event: 42.838 Thread 0x0000023727b4b6c0 DEOPT UNPACKING pc=0x00000237781869a3 sp=0x000000681dffada0 mode 2

Classes unloaded (0 events):
No events

Classes redefined (0 events):
No events

Internal exceptions (20 events):
Event: 39.452 Thread 0x000002372786c9f0 Exception <a 'sun/nio/fs/WindowsException'{0x000000008e3f4520}> (0x000000008e3f4520) 
thrown [s\src\hotspot\share\prims\jni.cpp, line 516]
Event: 39.453 Thread 0x000002372786c9f0 Exception <a 'sun/nio/fs/WindowsException'{0x000000008e3f5bb0}> (0x000000008e3f5bb0) 
thrown [s\src\hotspot\share\prims\jni.cpp, line 516]
Event: 39.453 Thread 0x000002372786c9f0 Exception <a 'sun/nio/fs/WindowsException'{0x000000008e3f7240}> (0x000000008e3f7240) 
thrown [s\src\hotspot\share\prims\jni.cpp, line 516]
Event: 39.659 Thread 0x0000023706d01000 Implicit null exception at 0x0000023778b85c80 to 0x0000023778b862ec
Event: 40.192 Thread 0x000002372786c9f0 Exception <a 'java/lang/IncompatibleClassChangeError'{0x000000008ea86e68}: Found class java.lang.Object, but interface was expected> (0x000000008ea86e68) 
thrown [s\src\hotspot\share\interpreter\linkResolver.cpp, line 826]
Event: 40.311 Thread 0x000002372786c9f0 Exception <a 'sun/nio/fs/WindowsException'{0x000000008e2bcdd8}> (0x000000008e2bcdd8) 
thrown [s\src\hotspot\share\prims\jni.cpp, line 516]
Event: 40.311 Thread 0x000002372786c9f0 Exception <a 'sun/nio/fs/WindowsException'{0x000000008e2be418}> (0x000000008e2be418) 
thrown [s\src\hotspot\share\prims\jni.cpp, line 516]
Event: 40.311 Thread 0x000002372786c9f0 Exception <a 'sun/nio/fs/WindowsException'{0x000000008e2bfaa8}> (0x000000008e2bfaa8) 
thrown [s\src\hotspot\share\prims\jni.cpp, line 516]
Event: 40.311 Thread 0x000002372786c9f0 Exception <a 'sun/nio/fs/WindowsException'{0x000000008e2c1138}> (0x000000008e2c1138) 
thrown [s\src\hotspot\share\prims\jni.cpp, line 516]
Event: 41.086 Thread 0x0000023727b4c0e0 Exception <a 'java/lang/NoSuchMethodError'{0x0000000090058128}: 'void java.lang.invoke.DirectMethodHandle$Holder.invokeStatic(java.lang.Object, java.lang.Object, java.lang.Object, java.lang.Object, int, java.lang.Object, java.lang.Object)'> (0x0000000090058128) 
thrown [s\src\hotspot\share\interpreter\linkResolver.cpp, line 759]
Event: 41.134 Thread 0x000002372b617490 Exception <a 'java/lang/NoSuchMethodError'{0x000000008fd25388}: 'java.lang.Object java.lang.invoke.DirectMethodHandle$Holder.invokeSpecialIFC(java.lang.Object, java.lang.Object, java.lang.Object)'> (0x000000008fd25388) 
thrown [s\src\hotspot\share\interpreter\linkResolver.cpp, line 759]
Event: 41.134 Thread 0x0000023727b4e450 Exception <a 'java/lang/NoSuchMethodError'{0x000000008fdd4e10}: 'java.lang.Object java.lang.invoke.DirectMethodHandle$Holder.invokeSpecialIFC(java.lang.Object, java.lang.Object, java.lang.Object)'> (0x000000008fdd4e10) 
thrown [s\src\hotspot\share\interpreter\linkResolver.cpp, line 759]
Event: 41.358 Thread 0x000002372b616560 Exception <a 'java/lang/NoSuchMethodError'{0x000000008f28d710}: 'void java.lang.invoke.DirectMethodHandle$Holder.invokeVirtual(java.lang.Object, java.lang.Object)'> (0x000000008f28d710) 
thrown [s\src\hotspot\share\interpreter\linkResolver.cpp, line 759]
Event: 42.083 Thread 0x0000023727b4c0e0 Exception <a 'java/lang/ClassNotFoundException'{0x000000008f315950}: groovy/util/FileTreeBuilderBeanInfo> (0x000000008f315950) 
thrown [s\src\hotspot\share\classfile\systemDictionary.cpp, line 256]
Event: 42.084 Thread 0x0000023727b4c0e0 Exception <a 'java/lang/ClassNotFoundException'{0x000000008f378e18}: groovy/util/FileTreeBuilderCustomizer> (0x000000008f378e18) 
thrown [s\src\hotspot\share\classfile\systemDictionary.cpp, line 256]
Event: 42.089 Thread 0x0000023727b4c0e0 Exception <a 'java/lang/ClassNotFoundException'{0x000000008f3b29c8}: java/io/BufferedWriterBeanInfo> (0x000000008f3b29c8) 
thrown [s\src\hotspot\share\classfile\systemDictionary.cpp, line 256]
Event: 42.089 Thread 0x0000023727b4c0e0 Exception <a 'java/lang/ClassNotFoundException'{0x000000008f3b8e78}: java/io/WriterBeanInfo> (0x000000008f3b8e78) 
thrown [s\src\hotspot\share\classfile\systemDictionary.cpp, line 256]
Event: 42.089 Thread 0x0000023727b4c0e0 Exception <a 'java/lang/ClassNotFoundException'{0x000000008f3bf2b0}: java/io/WriterCustomizer> (0x000000008f3bf2b0) 
thrown [s\src\hotspot\share\classfile\systemDictionary.cpp, line 256]
Event: 42.089 Thread 0x0000023727b4c0e0 Exception <a 'java/lang/ClassNotFoundException'{0x000000008f3ce378}: java/io/BufferedWriterCustomizer> (0x000000008f3ce378) 
thrown [s\src\hotspot\share\classfile\systemDictionary.cpp, line 256]
Event: 42.122 Thread 0x0000023727b4c0e0 Exception <a 'java/lang/NoSuchMethodError'{0x000000008f26d828}: static Lcom/android/build/api/variant/BuildConfigField;.<clinit>()V> (0x000000008f26d828) 
thrown [s\src\hotspot\share\prims\jni.cpp, line 1107]

VM Operations (20 events):
Event: 41.114 Executing VM operation: HandshakeAllThreads
Event: 41.114 Executing VM operation: HandshakeAllThreads done
Event: 41.150 Executing VM operation: HandshakeAllThreads
Event: 41.150 Executing VM operation: HandshakeAllThreads done
Event: 41.152 Executing VM operation: HandshakeAllThreads
Event: 41.152 Executing VM operation: HandshakeAllThreads done
Event: 41.205 Executing VM operation: ICBufferFull
Event: 41.206 Executing VM operation: ICBufferFull done
Event: 41.728 Executing VM operation: ICBufferFull
Event: 41.730 Executing VM operation: ICBufferFull done
Event: 41.772 Executing VM operation: G1CollectForAllocation
Event: 41.799 Executing VM operation: G1CollectForAllocation done
Event: 41.928 Executing VM operation: HandshakeAllThreads
Event: 41.928 Executing VM operation: HandshakeAllThreads done
Event: 41.945 Executing VM operation: ICBufferFull
Event: 41.945 Executing VM operation: ICBufferFull done
Event: 42.184 Executing VM operation: ICBufferFull
Event: 42.184 Executing VM operation: ICBufferFull done
Event: 42.323 Executing VM operation: G1CollectForAllocation
Event: 42.331 Executing VM operation: G1CollectForAllocation done

Events (20 events):
Event: 41.938 Thread 0x00000237260220a0 flushing nmethod 0x0000023771884090
Event: 41.938 Thread 0x00000237260220a0 flushing nmethod 0x0000023771884490
Event: 41.942 Thread 0x00000237260220a0 flushing nmethod 0x0000023772106d90
Event: 42.038 Thread 0x0000023732f913a0 Thread added: 0x0000023732f913a0
Event: 42.088 loading class java/io/BufferedWriterBeanInfo
Event: 42.088 loading class java/io/BufferedWriterBeanInfo done
Event: 42.089 loading class java/io/BufferedWriterBeanInfo
Event: 42.089 loading class java/io/BufferedWriterBeanInfo done
Event: 42.089 loading class java/io/WriterBeanInfo
Event: 42.089 loading class java/io/WriterBeanInfo done
Event: 42.089 loading class java/io/WriterBeanInfo
Event: 42.089 loading class java/io/WriterBeanInfo done
Event: 42.089 loading class java/io/WriterCustomizer
Event: 42.089 loading class java/io/WriterCustomizer done
Event: 42.089 loading class java/io/WriterCustomizer
Event: 42.089 loading class java/io/WriterCustomizer done
Event: 42.089 loading class java/io/BufferedWriterCustomizer
Event: 42.089 loading class java/io/BufferedWriterCustomizer done
Event: 42.089 loading class java/io/BufferedWriterCustomizer
Event: 42.089 loading class java/io/BufferedWriterCustomizer done


Dynamic libraries:
0x00007ff6fd2b0000 - 0x00007ff6fd2be000 	C:\Program Files\Microsoft\jdk-17.0.8.7-hotspot\bin\java.exe
0x00007ff85c490000 - 0x00007ff85c6a7000 	C:\WINDOWS\SYSTEM32\ntdll.dll
0x00007ff85bd20000 - 0x00007ff85bde4000 	C:\WINDOWS\System32\KERNEL32.DLL
0x00007ff859a40000 - 0x00007ff859de5000 	C:\WINDOWS\System32\KERNELBASE.dll
0x00007ff859920000 - 0x00007ff859a31000 	C:\WINDOWS\System32\ucrtbase.dll
0x00007ff84ff10000 - 0x00007ff84ff27000 	C:\Program Files\Microsoft\jdk-17.0.8.7-hotspot\bin\jli.dll
0x00007ff83f260000 - 0x00007ff83f27b000 	C:\Program Files\Microsoft\jdk-17.0.8.7-hotspot\bin\VCRUNTIME140.dll
0x00007ff85a5d0000 - 0x00007ff85a77e000 	C:\WINDOWS\System32\USER32.dll
0x00007ff85a080000 - 0x00007ff85a0a6000 	C:\WINDOWS\System32\win32u.dll
0x00007ff85b3d0000 - 0x00007ff85b3f9000 	C:\WINDOWS\System32\GDI32.dll
0x00007ff840bf0000 - 0x00007ff840e83000 	C:\WINDOWS\WinSxS\amd64_microsoft.windows.common-controls_6595b64144ccf1df_6.0.22621.2506_none_270c5ae97388e100\COMCTL32.dll
0x00007ff85b0c0000 - 0x00007ff85b167000 	C:\WINDOWS\System32\msvcrt.dll
0x00007ff859800000 - 0x00007ff859919000 	C:\WINDOWS\System32\gdi32full.dll
0x00007ff859df0000 - 0x00007ff859e8a000 	C:\WINDOWS\System32\msvcp_win.dll
0x00007ff85c120000 - 0x00007ff85c151000 	C:\WINDOWS\System32\IMM32.DLL
0x00007ff854da0000 - 0x00007ff854dac000 	C:\Program Files\Microsoft\jdk-17.0.8.7-hotspot\bin\vcruntime140_1.dll
0x00007ff802bf0000 - 0x00007ff802c7d000 	C:\Program Files\Microsoft\jdk-17.0.8.7-hotspot\bin\msvcp140.dll
0x00007fffcc470000 - 0x00007fffcd0d5000 	C:\Program Files\Microsoft\jdk-17.0.8.7-hotspot\bin\server\jvm.dll
0x00007ff85bdf0000 - 0x00007ff85bea1000 	C:\WINDOWS\System32\ADVAPI32.dll
0x00007ff85bc70000 - 0x00007ff85bd16000 	C:\WINDOWS\System32\sechost.dll
0x00007ff85afa0000 - 0x00007ff85b0b7000 	C:\WINDOWS\System32\RPCRT4.dll
0x00007ff859040000 - 0x00007ff85908d000 	C:\WINDOWS\SYSTEM32\POWRPROF.dll
0x00007ff854ea0000 - 0x00007ff854ea9000 	C:\WINDOWS\SYSTEM32\WSOCK32.dll
0x00007ff85c210000 - 0x00007ff85c281000 	C:\WINDOWS\System32\WS2_32.dll
0x00007ff851650000 - 0x00007ff851684000 	C:\WINDOWS\SYSTEM32\WINMM.dll
0x00007ff853c70000 - 0x00007ff853c7a000 	C:\WINDOWS\SYSTEM32\VERSION.dll
0x00007ff858fd0000 - 0x00007ff858fe3000 	C:\WINDOWS\SYSTEM32\UMPDC.dll
0x00007ff8587a0000 - 0x00007ff8587b8000 	C:\WINDOWS\SYSTEM32\kernel.appcore.dll
0x00007ff853360000 - 0x00007ff85336a000 	C:\Program Files\Microsoft\jdk-17.0.8.7-hotspot\bin\jimage.dll
0x00007ff84dca0000 - 0x00007ff84ded3000 	C:\WINDOWS\SYSTEM32\DBGHELP.DLL
0x00007ff85a1e0000 - 0x00007ff85a569000 	C:\WINDOWS\System32\combase.dll
0x00007ff85aec0000 - 0x00007ff85af97000 	C:\WINDOWS\System32\OLEAUT32.dll
0x00007ff83aae0000 - 0x00007ff83ab12000 	C:\WINDOWS\SYSTEM32\dbgcore.DLL
0x00007ff859e90000 - 0x00007ff859f0a000 	C:\WINDOWS\System32\bcryptPrimitives.dll
0x00007ff844960000 - 0x00007ff84496e000 	C:\Program Files\Microsoft\jdk-17.0.8.7-hotspot\bin\instrument.dll
0x00007ff803040000 - 0x00007ff803065000 	C:\Program Files\Microsoft\jdk-17.0.8.7-hotspot\bin\java.dll
0x00007ff802370000 - 0x00007ff802447000 	C:\Program Files\Microsoft\jdk-17.0.8.7-hotspot\bin\jsvml.dll
0x00007ff85b410000 - 0x00007ff85bc69000 	C:\WINDOWS\System32\SHELL32.dll
0x00007ff857720000 - 0x00007ff858014000 	C:\WINDOWS\SYSTEM32\windows.storage.dll
0x00007ff8575e0000 - 0x00007ff85771e000 	C:\WINDOWS\SYSTEM32\wintypes.dll
0x00007ff85bf20000 - 0x00007ff85c013000 	C:\WINDOWS\System32\SHCORE.dll
0x00007ff85beb0000 - 0x00007ff85bf0e000 	C:\WINDOWS\System32\shlwapi.dll
0x00007ff859730000 - 0x00007ff859756000 	C:\WINDOWS\SYSTEM32\profapi.dll
0x00007ff818ac0000 - 0x00007ff818ad8000 	C:\Program Files\Microsoft\jdk-17.0.8.7-hotspot\bin\zip.dll
0x00007ff832bf0000 - 0x00007ff832c09000 	C:\Program Files\Microsoft\jdk-17.0.8.7-hotspot\bin\net.dll
0x00007ff853c80000 - 0x00007ff853db7000 	C:\WINDOWS\SYSTEM32\WINHTTP.dll
0x00007ff858c80000 - 0x00007ff858ce9000 	C:\WINDOWS\system32\mswsock.dll
0x00007ff832ad0000 - 0x00007ff832ae6000 	C:\Program Files\Microsoft\jdk-17.0.8.7-hotspot\bin\nio.dll
0x00007ff850d00000 - 0x00007ff850d10000 	C:\Program Files\Microsoft\jdk-17.0.8.7-hotspot\bin\verify.dll
0x00007ff802bc0000 - 0x00007ff802be7000 	C:\Users\aladi\.gradle\native\68d5fa5c4cc2d200863cafc0d521ce42e7d3e7ee720ec0a83991735586a16f82\windows-amd64\native-platform.dll
0x00007fffef6a0000 - 0x00007fffef7e4000 	C:\Users\aladi\.gradle\native\e376f236ea51e6404a007f0833ffe2c6e607c4080706a723a18a27aeea778392\windows-amd64\native-platform-file-events.dll
0x00007ff84f870000 - 0x00007ff84f879000 	C:\Program Files\Microsoft\jdk-17.0.8.7-hotspot\bin\management.dll
0x00007ff8457b0000 - 0x00007ff8457bb000 	C:\Program Files\Microsoft\jdk-17.0.8.7-hotspot\bin\management_ext.dll
0x00007ff85b400000 - 0x00007ff85b408000 	C:\WINDOWS\System32\PSAPI.DLL
0x00007ff858f40000 - 0x00007ff858f5b000 	C:\WINDOWS\SYSTEM32\CRYPTSP.dll
0x00007ff858760000 - 0x00007ff858795000 	C:\WINDOWS\system32\rsaenh.dll
0x00007ff858de0000 - 0x00007ff858e0c000 	C:\WINDOWS\SYSTEM32\USERENV.dll
0x00007ff8591b0000 - 0x00007ff8591d8000 	C:\WINDOWS\SYSTEM32\bcrypt.dll
0x00007ff858f60000 - 0x00007ff858f6c000 	C:\WINDOWS\SYSTEM32\CRYPTBASE.dll
0x00007ff858280000 - 0x00007ff8582ad000 	C:\WINDOWS\SYSTEM32\IPHLPAPI.DLL
0x00007ff85b3c0000 - 0x00007ff85b3c9000 	C:\WINDOWS\System32\NSI.dll
0x00007ff853c30000 - 0x00007ff853c49000 	C:\WINDOWS\SYSTEM32\dhcpcsvc6.DLL
0x00007ff853b70000 - 0x00007ff853b8f000 	C:\WINDOWS\SYSTEM32\dhcpcsvc.DLL
0x00007ff8582f0000 - 0x00007ff8583e9000 	C:\WINDOWS\SYSTEM32\DNSAPI.dll
0x00007ff8443a0000 - 0x00007ff8443ae000 	C:\Program Files\Microsoft\jdk-17.0.8.7-hotspot\bin\sunmscapi.dll
0x00007ff859f10000 - 0x00007ff85a076000 	C:\WINDOWS\System32\CRYPT32.dll
0x00007ff859180000 - 0x00007ff8591ad000 	C:\WINDOWS\SYSTEM32\ncrypt.dll
0x00007ff859140000 - 0x00007ff859177000 	C:\WINDOWS\SYSTEM32\NTASN1.dll
0x00007ff826070000 - 0x00007ff826078000 	C:\WINDOWS\system32\wshunix.dll
0x00007ff843440000 - 0x00007ff84344a000 	C:\Windows\System32\rasadhlp.dll
0x00007ff853230000 - 0x00007ff8532b3000 	C:\WINDOWS\System32\fwpuclnt.dll
0x00007ff81df00000 - 0x00007ff81df17000 	C:\WINDOWS\system32\napinsp.dll
0x00007ff81dee0000 - 0x00007ff81defb000 	C:\WINDOWS\system32\pnrpnsp.dll
0x00007ff81dec0000 - 0x00007ff81ded1000 	C:\WINDOWS\System32\winrnr.dll
0x00007ff809670000 - 0x00007ff809691000 	C:\WINDOWS\system32\nlansp_c.dll
0x00007ff82a270000 - 0x00007ff82a285000 	C:\WINDOWS\system32\wshbth.dll

dbghelp: loaded successfully - version: 4.0.5 - missing functions: none
symbol engine: initialized successfully - sym options: 0x614 - pdb path: .;C:\Program Files\Microsoft\jdk-17.0.8.7-hotspot\bin;C:\WINDOWS\SYSTEM32;C:\WINDOWS\WinSxS\amd64_microsoft.windows.common-controls_6595b64144ccf1df_6.0.22621.2506_none_270c5ae97388e100;C:\Program Files\Microsoft\jdk-17.0.8.7-hotspot\bin\server;C:\Users\aladi\.gradle\native\68d5fa5c4cc2d200863cafc0d521ce42e7d3e7ee720ec0a83991735586a16f82\windows-amd64;C:\Users\aladi\.gradle\native\e376f236ea51e6404a007f0833ffe2c6e607c4080706a723a18a27aeea778392\windows-amd64

VM Arguments:
jvm_args: -XX:MaxMetaspaceSize=512m --add-opens=java.base/java.util=ALL-UNNAMED --add-opens=java.base/java.lang=ALL-UNNAMED --add-opens=java.base/java.lang.invoke=ALL-UNNAMED --add-opens=java.prefs/java.util.prefs=ALL-UNNAMED --add-opens=java.base/java.nio.charset=ALL-UNNAMED --add-opens=java.base/java.net=ALL-UNNAMED --add-opens=java.base/java.util.concurrent.atomic=ALL-UNNAMED -Xmx2048m -Dfile.encoding=windows-1252 -Duser.country=PH -Duser.language=en -Duser.variant -javaagent:C:\Users\aladi\.gradle\wrapper\dists\gradle-8.3-all\6en3ugtfdg5xnpx44z4qbwgas\gradle-8.3\lib\agents\gradle-instrumentation-agent-8.3.jar 
java_command: org.gradle.launcher.daemon.bootstrap.GradleDaemon 8.3
java_class_path (initial): C:\Users\aladi\.gradle\wrapper\dists\gradle-8.3-all\6en3ugtfdg5xnpx44z4qbwgas\gradle-8.3\lib\gradle-launcher-8.3.jar
Launcher Type: SUN_STANDARD

[Global flags]
     intx CICompilerCount                          = 3                                         {product} {ergonomic}
   size_t CompressedClassSpaceSize                 = 436207616                                 {product} {ergonomic}
     uint ConcGCThreads                            = 1                                         {product} {ergonomic}
     uint G1ConcRefinementThreads                  = 4                                         {product} {ergonomic}
   size_t G1HeapRegionSize                         = 1048576                                   {product} {ergonomic}
    uintx GCDrainStackTargetSize                   = 64                                        {product} {ergonomic}
   size_t InitialHeapSize                          = 266338304                                 {product} {ergonomic}
   size_t MarkStackSize                            = 4194304                                   {product} {ergonomic}
   size_t MaxHeapSize                              = 2147483648                                {product} {command line}
   size_t MaxMetaspaceSize                         = 536870912                                 {product} {command line}
   size_t MaxNewSize                               = 1287651328                                {product} {ergonomic}
   size_t MinHeapDeltaBytes                        = 1048576                                   {product} {ergonomic}
   size_t MinHeapSize                              = 8388608                                   {product} {ergonomic}
    uintx NonNMethodCodeHeapSize                   = 5832780                                {pd product} {ergonomic}
    uintx NonProfiledCodeHeapSize                  = 122912730                              {pd product} {ergonomic}
    uintx ProfiledCodeHeapSize                     = 122912730                              {pd product} {ergonomic}
    uintx ReservedCodeCacheSize                    = 251658240                              {pd product} {ergonomic}
     bool SegmentedCodeCache                       = true                                      {product} {ergonomic}
   size_t SoftMaxHeapSize                          = 2147483648                             {manageable} {ergonomic}
     bool UseCompressedClassPointers               = true                           {product lp64_product} {ergonomic}
     bool UseCompressedOops                        = true                           {product lp64_product} {ergonomic}
     bool UseG1GC                                  = true                                      {product} {ergonomic}
     bool UseLargePagesIndividualAllocation        = false                                  {pd product} {ergonomic}

Logging:
Log output configuration:
 #0: stdout all=warning uptime,level,tags
 #1: stderr all=off uptime,level,tags

Environment Variables:
JAVA_HOME=C:\Program Files\Microsoft\jdk-17.0.8.7-hotspot\
CLASSPATH=F:\Projects\Practice Projects\LitterRV\android\\gradle\wrapper\gradle-wrapper.jar
PATH=F:\Projects\Practice Projects\LitterRV\node_modules\.bin;F:\Projects\Practice Projects\LitterRV\node_modules\.bin;F:\Projects\Practice Projects\node_modules\.bin;F:\Projects\node_modules\.bin;F:\node_modules\.bin;C:\Users\aladi\AppData\Roaming\npm\node_modules\npm\node_modules\@npmcli\run-script\lib\node-gyp-bin;F:\Projects\Practice Projects\LitterRV\node_modules\.bin;F:\Projects\Practice Projects\node_modules\.bin;F:\Projects\node_modules\.bin;F:\node_modules\.bin;C:\Users\aladi\AppData\Roaming\npm\node_modules\npm\node_modules\@npmcli\run-script\lib\node-gyp-bin;C:\Program Files (x86)\Common Files\Oracle\Java\javapath;C:\Program Files\Microsoft\jdk-17.0.8.7-hotspot\bin;C:\Program Files\Microsoft\jdk-11.0.20.8-hotspot\bin;C:\Python312\Scripts\;C:\Python312\;C:\WINDOWS\system32;C:\WINDOWS;C:\WINDOWS\System32\Wbem;C:\WINDOWS\System32\WindowsPowerShell\v1.0\;C:\WINDOWS\System32\OpenSSH\;C:\Program Files\nodejs\;C:\ProgramData\chocolatey\bin;C:\Program Files\Git\cmd;C:\Users\aladi\AppData\Local\Microsoft\WindowsApps;C:\Users\aladi\AppData\Local\Programs\Microsoft VS Code\bin;C:\Users\aladi\AppData\Roaming\npm;C:\Users\aladi\AppData\Local\Android\Sdk\platform-tools;
USERNAME=aladi
OS=Windows_NT
PROCESSOR_IDENTIFIER=Intel64 Family 6 Model 158 Stepping 11, GenuineIntel
TMP=C:\Users\aladi\AppData\Local\Temp
TEMP=C:\Users\aladi\AppData\Local\Temp



---------------  S Y S T E M  ---------------

OS:
 Windows 11 , 64 bit Build 22621 (10.0.22621.2506)
OS uptime: 2 days 5:26 hours

CPU: total 4 (initial active 4) (4 cores per cpu, 1 threads per core) family 6 model 158 stepping 11 microcode 0xde, cx8, cmov, fxsr, mmx, 3dnowpref, sse, sse2, sse3, ssse3, sse4.1, sse4.2, popcnt, lzcnt, tsc, tscinvbit, avx, avx2, aes, erms, clmul, bmi1, bmi2, adx, fma, vzeroupper, clflush, clflushopt
Processor Information for all 4 processors :
  Max Mhz: 3600, Current Mhz: 3600, Mhz Limit: 3600

Memory: 4k page, system-wide physical 16252M (5884M free)
TotalPageFile size 23159M (AvailPageFile size 6646M)
current process WorkingSet (physical memory assigned to process): 590M, peak: 597M
current process commit charge ("private bytes"): 627M, peak: 635M

vm_info: OpenJDK 64-Bit Server VM (17.0.8+7-LTS) for windows-amd64 JRE (17.0.8+7-LTS), built on Jul  7 2023 17:21:55 by "MicrosoftCorporation" with MS VC++ 16.10 / 16.11 (VS2019)

END.
